[跳过] 无法确定歌手字段，文件名=爱江山更爱美人 - 李丽芬
[跳过] 无法确定歌手字段，文件名=白月光与朱砂痣 - 大籽
[跳过] 无法确定歌手字段，文件名=TA - 不是花火呀
[跳过] 无法确定歌手字段，文件名=星月神话 (抖音DJ版) - 抖音热歌、陈烁
[跳过] 无法确定歌手字段，文件名=天使的翅膀 - 安琥
[跳过] 无法确定歌手字段，文件名=我的心太乱 - 周传雄
[跳过] 无法确定歌手字段，文件名=同桌的你 (风行版) - 老狼
[跳过] 无法确定歌手字段，文件名=我难过(Live) - 周传雄、颜人中
[跳过] 无法确定歌手字段，文件名=勇气 - 梁静茹
[跳过] 无法确定歌手字段，文件名=别在我离开之前离开 - 雷诺儿
[跳过] 无法确定歌手字段，文件名=浪子闲话 (DJ沈念版) - 花僮
[跳过] 无法确定歌手字段，文件名=国王与乞丐 - 华晨宇、杨宗纬
[跳过] 无法确定歌手字段，文件名=暖暖 - 梁静茹
[跳过] 无法确定歌手字段，文件名=过火 - 张信哲
[跳过] 无法确定歌手字段，文件名=断点 - 张敬轩
[跳过] 无法确定歌手字段，文件名=活着 - 郝云
[跳过] 无法确定歌手字段，文件名=穷开心 - 花儿乐队
[跳过] 无法确定歌手字段，文件名=我吹过你吹过的晚风 - 风吹流年
[跳过] 无法确定歌手字段，文件名=关不上的窗 - 周传雄
[跳过] 无法确定歌手字段，文件名=魏佳艺-风雨无阻[flac]
[跳过] 无法确定歌手字段，文件名=带你去旅行 - 校长（张驰）
[跳过] 无法确定歌手字段，文件名=想把我唱给你听 - 老狼、王婧
[跳过] 无法确定歌手字段，文件名=月半小夜曲 - 李克勤
[跳过] 无法确定歌手字段，文件名=独家记忆 - 陈小春
[跳过] 无法确定歌手字段，文件名=蓝色土耳其 - 周传雄
[跳过] 无法确定歌手字段，文件名=爱如潮水 - 张信哲
[跳过] 无法确定歌手字段，文件名=醒不来的梦 - 回小仙
[跳过] 无法确定歌手字段，文件名=Lemon Tree - Fool's Garden
[跳过] 无法确定歌手字段，文件名=别怕我伤心 (Live) - 张信哲、张艺兴
[跳过] 无法确定歌手字段，文件名=赤伶 - 是二智呀
[跳过] 无法确定歌手字段，文件名=这一生关于你的风景 - 枯木逢春
[跳过] 无法确定歌手字段，文件名=追梦赤子心 - GALA
[跳过] 无法确定歌手字段，文件名=黄昏 - 周传雄
[跳过] 无法确定歌手字段，文件名=他一定很爱你 - 阿杜
[跳过] 无法确定歌手字段，文件名=赤伶 - 等什么君
[跳过] 无法确定歌手字段，文件名=犯贱 - 徐良、阿悄
[跳过] 无法确定歌手字段，文件名=吻得太逼真 - 张敬轩
[跳过] 无法确定歌手字段，文件名=隐形的翅膀 - 张韶涵
[跳过] 无法确定歌手字段，文件名=后来 - 刘若英
[跳过] 无法确定歌手字段，文件名=爱转角 - 罗志祥
[跳过] 无法确定歌手字段，文件名=离人愁 - 李袁杰
[跳过] 无法确定歌手字段，文件名=一个像夏天一个像秋天 - 范玮琪
[跳过] 无法确定歌手字段，文件名=踏山河 - 是七叔呢
[跳过] 无法确定歌手字段，文件名=最初的梦想 - 范玮琪
[跳过] 无法确定歌手字段，文件名=后会无期 - 汪苏泷、徐良
[跳过] 无法确定歌手字段，文件名=青花瓷 (DJ版) - 宋瑞、梦瑾、气质韩
[跳过] 无法确定歌手字段，文件名=你的承诺 - 海鸣威
[跳过] 无法确定歌手字段，文件名=那女孩对我说 - Uu
[跳过] 无法确定歌手字段，文件名=将军令 - 吴克群
[跳过] 无法确定歌手字段，文件名=李俊男 - 寂寞才说爱 (DJ版)
[跳过] 无法确定歌手字段，文件名=小星星 - 汪苏泷
[跳过] 无法确定歌手字段，文件名=我爱你不问归期 - 白小白
[跳过] 无法确定歌手字段，文件名=相信自己 - 零点乐队
[跳过] 无法确定歌手字段，文件名=光辉岁月 - Beyond
[跳过] 无法确定歌手字段，文件名=月亮惹的祸 - 张宇
[跳过] 无法确定歌手字段，文件名=求佛 - 誓言
[跳过] 无法确定歌手字段，文件名=栀子花开 - 何炅、王诗龄
[跳过] 无法确定歌手字段，文件名=那些年 - 胡夏
[跳过] 无法确定歌手字段，文件名=起风了 - 买辣椒也用券
[跳过] 无法确定歌手字段，文件名=爱江山更爱美人 - 小阿枫
[跳过] 无法确定歌手字段，文件名=最佳许嵩 - 歌手
[跳过] 无法确定歌手字段，文件名=游京 - 海伦
[跳过] 无法确定歌手字段，文件名=中国话 - S.H.E
[跳过] 无法确定歌手字段，文件名=男人海洋 - 周传雄
[跳过] 无法确定歌手字段，文件名=爱在西元前
[跳过] 无法确定歌手字段，文件名=恰逢那年你明媚+-+灯叔
[跳过] 无法确定歌手字段，文件名=可惜不是你 - 梁静茹
[跳过] 无法确定歌手字段，文件名=笑纳 - 花僮
[跳过] 无法确定歌手字段，文件名=撕夜 - 阿杜
[跳过] 无法确定歌手字段，文件名=别说我的眼泪你无所谓 - 东来东往
[跳过] 无法确定歌手字段，文件名=桥边姑娘 - 海伦
[跳过] 无法确定歌手字段，文件名=此生不换 - 青鸟飞鱼
[跳过] 无法确定歌手字段，文件名=青花 - 周传雄
[跳过] 无法确定歌手字段，文件名=戏子多秋 - 涛少君
[跳过] 无法确定歌手字段，文件名=说谎 - 林宥嘉
[跳过] 无法确定歌手字段，文件名=冬天的秘密 - 周传雄
[跳过] 无法确定歌手字段，文件名=暖风 - 周传雄
[跳过] 无法确定歌手字段，文件名=飞鸟和蝉 - 任然
[跳过] 无法确定歌手字段，文件名=几人游 - 单小源
[跳过] 无法确定歌手字段，文件名=Beyond - 光辉岁月
[跳过] 无法确定歌手字段，文件名=莫问归期 - 蒋雪儿
[跳过] 无法确定歌手字段，文件名=笑纳 (DJ沈念版) - 花僮
[跳过] 无法确定歌手字段，文件名=一眼万年 - S.H.E
[跳过] 无法确定歌手字段，文件名=手放开 - 李圣杰
[跳过] 无法确定歌手字段，文件名=你的酒馆对我打了烊 - 陈雪凝
[跳过] 无法确定歌手字段，文件名=少年 - 梦然
[跳过] 无法确定歌手字段，文件名=睫毛弯弯 - 王心凌
[跳过] 无法确定歌手字段，文件名=寂寞沙洲冷 - 周传雄
[跳过] 无法确定歌手字段，文件名=下山 - 要不要买菜
[跳过] 无法确定歌手字段，文件名=我们不该这样的 (DJ新弹跳) - 攀娘、扎哥
[跳过] 无法确定歌手字段，文件名=洋葱 - 杨宗纬
[跳过] 无法确定歌手字段，文件名=会呼吸的痛 - 梁静茹
[跳过] 无法确定歌手字段，文件名=左边 - 杨丞琳
[跳过] 无法确定歌手字段，文件名=你是我的眼 - 林宥嘉
[跳过] 无法确定歌手字段，文件名=秋天不回来 - 王强
[跳过] 无法确定歌手字段，文件名=六月的雨 - 胡歌
[跳过] 无法确定歌手字段，文件名=年少有你 - 李易峰
[跳过] 无法确定歌手字段，文件名=万有引力 - 汪苏泷
[跳过] 无法确定歌手字段，文件名=Beyond - 海阔天空
[跳过] 无法确定歌手字段，文件名=死了都要爱 - 信乐团
[跳过] 无法确定歌手字段，文件名=哥只是个传说 - 陈旭
[跳过] 无法确定歌手字段，文件名=爱我的人和我爱的人 - 游鸿明
[跳过] 无法确定歌手字段，文件名=Take Me To Your Heart - Michael Learns To Rock
[跳过] 无法确定歌手字段，文件名=Beyond - 真的爱你
[跳过] 无法确定歌手字段，文件名=关机又关机 - YangYang
[跳过] 无法确定歌手字段，文件名=只对你有感觉 - 飞轮海、田馥甄
[跳过] 无法确定歌手字段，文件名=辞九门回忆 - 等什么君
[跳过] 无法确定歌手字段，文件名=陈奕迅&eason and the duo band-Originality  (Interlude)
[跳过] 无法确定歌手字段，文件名=纸船 - 薛之谦、郁可唯
[跳过] 无法确定歌手字段，文件名=爱江山更爱美人 - 李丽芬
[跳过] 无法确定歌手字段，文件名=惊鸿一面 - 许嵩、黄龄
[跳过] 无法确定歌手字段，文件名=陈奕迅-人生马拉松
[跳过] 无法确定歌手字段，文件名=许嵩 - 幻听
[跳过] 无法确定歌手字段，文件名=噢买尬 - 五月天
[跳过] 无法确定歌手字段，文件名=陈奕迅-跳得火热
[跳过] 无法确定歌手字段，文件名=周杰伦 - 懦夫
[跳过] 无法确定歌手字段，文件名=陈奕迅-Hippie
[跳过] 无法确定歌手字段，文件名=需要人陪 - 王力宏
[跳过] 无法确定歌手字段，文件名=白月光与朱砂痣 - 大籽
[跳过] 无法确定歌手字段，文件名=陈奕迅-人车志
[跳过] 无法确定歌手字段，文件名=周杰伦 - 听妈妈的话
[跳过] 无法确定歌手字段，文件名=降温 - 许嵩
[跳过] 无法确定歌手字段，文件名=五月天、陈绮贞 - 私奔到月球
[跳过] 无法确定歌手字段，文件名=将军令 - 五月天
[跳过] 无法确定歌手字段，文件名=河山大好 - 许嵩
[跳过] 无法确定歌手字段，文件名=陈奕迅-最后今晚
[跳过] 无法确定歌手字段，文件名=周杰伦 - 明明就
[跳过] 无法确定歌手字段，文件名=周杰伦 - 千里之外
[跳过] 无法确定歌手字段，文件名=五月天 - 擁抱
[跳过] 无法确定歌手字段，文件名=周杰伦 - 花海
[跳过] 无法确定歌手字段，文件名=五月天 - 諾亞方舟
[跳过] 无法确定歌手字段，文件名=TA - 不是花火呀
[跳过] 无法确定歌手字段，文件名=陈奕迅&eason and the duo band-可一可再
[跳过] 无法确定歌手字段，文件名=陈奕迅-漂亮小姐
[跳过] 无法确定歌手字段，文件名=至少还有你(Live) - 林俊杰
[跳过] 无法确定歌手字段，文件名=星月神话 (抖音DJ版) - 抖音热歌、陈烁
[跳过] 无法确定歌手字段，文件名=浪漫手机 - 周杰伦
[跳过] 无法确定歌手字段，文件名=红玫瑰 - 陈奕迅
[跳过] 无法确定歌手字段，文件名=许嵩 - 城府
[跳过] 无法确定歌手字段，文件名=陈奕迅-戏迷情人
[跳过] 无法确定歌手字段，文件名=盛夏的果实 - 莫文蔚
[跳过] 无法确定歌手字段，文件名=周杰伦 - 说了再见
[跳过] 无法确定歌手字段，文件名=一路向北(Live) - 周杰伦
[跳过] 无法确定歌手字段，文件名=陈奕迅-娱乐天空
[跳过] 无法确定歌手字段，文件名=陈奕迅-在这个世界相遇
[跳过] 无法确定歌手字段，文件名=陈奕迅-万佛朝宗
[跳过] 无法确定歌手字段，文件名=陈奕迅-结束开始
[跳过] 无法确定歌手字段，文件名=爱情转移 - 陈奕迅
[跳过] 无法确定歌手字段，文件名=尘海 - 毛不易
[跳过] 无法确定歌手字段，文件名=陈奕迅-阳性反应
[跳过] 无法确定歌手字段，文件名=燕尾蝶(Live) - 五月天
[跳过] 无法确定歌手字段，文件名=爱一点 - 王力宏、章子怡
[跳过] 无法确定歌手字段，文件名=天使的翅膀 - 安琥
[跳过] 无法确定歌手字段，文件名=我的心太乱 - 周传雄
[跳过] 无法确定歌手字段，文件名=在那不遥远的地方 - 许嵩
[跳过] 无法确定歌手字段，文件名=后来的我们 - 五月天
[跳过] 无法确定歌手字段，文件名=周杰伦 - 给我一首歌的时间
[跳过] 无法确定歌手字段，文件名=同桌的你 (风行版) - 老狼
[跳过] 无法确定歌手字段，文件名=周杰伦 - 逆鳞
[跳过] 无法确定歌手字段，文件名=周杰伦 - 乔克叔叔
[跳过] 无法确定歌手字段，文件名=周杰伦 - 我不配
[跳过] 无法确定歌手字段，文件名=我难过(Live) - 周传雄、颜人中
[跳过] 无法确定歌手字段，文件名=全球变冷 - 许嵩
[跳过] 无法确定歌手字段，文件名=最长的电影(Live) - 周杰伦
[跳过] 无法确定歌手字段，文件名=勇气 - 梁静茹
[跳过] 无法确定歌手字段，文件名=诺亚方舟 - 五月天
[跳过] 无法确定歌手字段，文件名=阳光宅男 - 周杰伦
[跳过] 无法确定歌手字段，文件名=毛不易 - 故乡游 (Live)
[跳过] 无法确定歌手字段，文件名=告白气球(Live) - 周杰伦、LOKEY低调组合
[跳过] 无法确定歌手字段，文件名=周杰伦 - 发如雪
[跳过] 无法确定歌手字段，文件名=Never Gone - Backstreet Boys
[跳过] 无法确定歌手字段，文件名=周杰伦 - 乱舞春秋
[跳过] 无法确定歌手字段，文件名=醉赤壁 - 林俊杰
[跳过] 无法确定歌手字段，文件名=倒带 (Live) - 李荣浩、斑马森林
[跳过] 无法确定歌手字段，文件名=其实 - 薛之谦
[跳过] 无法确定歌手字段，文件名=周杰伦 - 本草纲目
[跳过] 无法确定歌手字段，文件名=别在我离开之前离开 - 雷诺儿
[跳过] 无法确定歌手字段，文件名=Shape Of My Heart - Backstreet Boys
[跳过] 无法确定歌手字段，文件名=周杰伦 - 流浪诗人
[跳过] 无法确定歌手字段，文件名=周杰伦 - 稻香
[跳过] 无法确定歌手字段，文件名=浪子闲话 (DJ沈念版) - 花僮
[跳过] 无法确定歌手字段，文件名=周杰伦 - 止战之殇
[跳过] 无法确定歌手字段，文件名=周杰伦 - 困兽之斗
[跳过] 无法确定歌手字段，文件名=五月天 - 听不到
[跳过] 无法确定歌手字段，文件名=周杰伦 - 米兰的小铁匠
[跳过] 无法确定歌手字段，文件名=李荣浩 - 模特
[跳过] 无法确定歌手字段，文件名=花粥,王胜男 - 浮白
[跳过] 无法确定歌手字段，文件名=周杰伦 - 牛仔很忙
[跳过] 无法确定歌手字段，文件名=裂缝中的阳光 - 林俊杰
[跳过] 无法确定歌手字段，文件名=周杰伦 - 双刀
[跳过] 无法确定歌手字段，文件名=皮影戏 - 周杰伦
[跳过] 无法确定歌手字段，文件名=毛不易 - 牧马城市
[跳过] 无法确定歌手字段，文件名=周杰伦 - 爷爷泡的茶
[跳过] 无法确定歌手字段，文件名=国王与乞丐 - 华晨宇、杨宗纬
[跳过] 无法确定歌手字段，文件名=借 (Live) - 毛不易
[跳过] 无法确定歌手字段，文件名=暖暖 - 梁静茹
[跳过] 无法确定歌手字段，文件名=伤心的人别听慢歌（贯彻快乐) - 五月天
[跳过] 无法确定歌手字段，文件名=周杰伦 - 距离
[跳过] 无法确定歌手字段，文件名=星晴 - 周杰伦
[跳过] 无法确定歌手字段，文件名=不爱我就拉倒 - 周杰伦
[跳过] 无法确定歌手字段，文件名=五月天 - 志明与春娇
[跳过] 无法确定歌手字段，文件名=过火 - 张信哲
[跳过] 无法确定歌手字段，文件名=周杰伦、李玟 - 刀马旦
[跳过] 无法确定歌手字段，文件名=周杰伦 - 伊斯坦堡
[跳过] 无法确定歌手字段，文件名=周杰伦 - 国游会
[跳过] 无法确定歌手字段，文件名=刚刚好 - 薛之谦
[跳过] 无法确定歌手字段，文件名=周杰伦 - 黑色幽默
[跳过] 无法确定歌手字段，文件名=本草纲目 - 周杰伦
[跳过] 无法确定歌手字段，文件名=断点 - 张敬轩
[跳过] 无法确定歌手字段，文件名=周杰伦 - Lost Good Things
[跳过] 无法确定歌手字段，文件名=画沙 - 周杰伦、袁咏琳
[跳过] 无法确定歌手字段，文件名=五月天 - 生命有一种绝对
[跳过] 无法确定歌手字段，文件名=毛不易-消愁
[跳过] 无法确定歌手字段，文件名=周杰伦 - 可爱女人
[跳过] 无法确定歌手字段，文件名=活着 - 郝云
[跳过] 无法确定歌手字段，文件名=飞云之下 - 韩红、林俊杰
[跳过] 无法确定歌手字段，文件名=一千年以后(单曲) - 林俊杰
[跳过] 无法确定歌手字段，文件名=爸爸妈妈 - 李荣浩
[跳过] 无法确定歌手字段，文件名=周杰伦 - 迷迭香
[跳过] 无法确定歌手字段，文件名=小酒窝 - 蔡卓妍、林俊杰
[跳过] 无法确定歌手字段，文件名=林俊杰 - 可惜没如果
[跳过] 无法确定歌手字段，文件名=被风吹过的夏天 - 金莎、林俊杰
[跳过] 无法确定歌手字段，文件名=周杰伦 - 错口
[跳过] 无法确定歌手字段，文件名=那些你很冒险的梦 - 林俊杰
[跳过] 无法确定歌手字段，文件名=说走就走 - 周杰伦
[跳过] 无法确定歌手字段，文件名=丑八怪 - 薛之谦
[跳过] 无法确定歌手字段，文件名=穷开心 - 花儿乐队
[跳过] 无法确定歌手字段，文件名=我吹过你吹过的晚风 - 风吹流年
[跳过] 无法确定歌手字段，文件名=突然好想你 live in the sky - 五月天、李荣浩、萧敬腾、毛不易
[跳过] 无法确定歌手字段，文件名=关不上的窗 - 周传雄
[跳过] 无法确定歌手字段，文件名=星空 - 五月天
[跳过] 无法确定歌手字段，文件名=Beautiful Tonight - Westlife
[跳过] 无法确定歌手字段，文件名=魏佳艺-风雨无阻[flac]
[跳过] 无法确定歌手字段，文件名=美人鱼 - 林俊杰
[跳过] 无法确定歌手字段，文件名=不潮不用花钱 - 林俊杰
[跳过] 无法确定歌手字段，文件名=蒲公英的约定 - 周杰伦
[跳过] 无法确定歌手字段，文件名=周杰伦 - 不能说的秘密
[跳过] 无法确定歌手字段，文件名=带你去旅行 - 校长（张驰）
[跳过] 无法确定歌手字段，文件名=独角戏 (Live) - 薛之谦
[跳过] 无法确定歌手字段，文件名=想把我唱给你听 - 老狼、王婧
[跳过] 无法确定歌手字段，文件名=月半小夜曲 - 李克勤
[跳过] 无法确定歌手字段，文件名=I Want It That Way - Backstreet Boys
[跳过] 无法确定歌手字段，文件名=李荣浩 - 喜剧之王
[跳过] 无法确定歌手字段，文件名=独家记忆 - 陈小春
[跳过] 无法确定歌手字段，文件名=江南(单曲) - 林俊杰
[跳过] 无法确定歌手字段，文件名=天份 - 薛之谦
[跳过] 无法确定歌手字段，文件名=周杰伦 - 爱在西元前
[跳过] 无法确定歌手字段，文件名=蓝色土耳其 - 周传雄
[跳过] 无法确定歌手字段，文件名=林俊杰 - 修炼爱情
[跳过] 无法确定歌手字段，文件名=我是如此相信 - 周杰伦
[跳过] 无法确定歌手字段，文件名=她的睫毛 - 周杰伦
[跳过] 无法确定歌手字段，文件名=领悟 (Live) - 林俊杰
[跳过] 无法确定歌手字段，文件名=动物世界 - 薛之谦
[跳过] 无法确定歌手字段，文件名=周杰伦 - The Way Of A Man
[跳过] 无法确定歌手字段，文件名=周杰伦 - 简单爱
[跳过] 无法确定歌手字段，文件名=芬芳一生 (Live) - 刘惜君、毛不易
[跳过] 无法确定歌手字段，文件名=周杰伦 - 爱的飞行日记
[跳过] 无法确定歌手字段，文件名=周杰伦 - 东风破
[跳过] 无法确定歌手字段，文件名=你是人间四月天 - 小沈阳、邵帅
[跳过] 无法确定歌手字段，文件名=爱如潮水 - 张信哲
[跳过] 无法确定歌手字段，文件名=如果有一天我变得很有钱 (Live) - 毛不易
[跳过] 无法确定歌手字段，文件名=醒不来的梦 - 回小仙
[跳过] 无法确定歌手字段，文件名=花好月圆夜 - 杨千嬅、任贤齐
[跳过] 无法确定歌手字段，文件名=周杰伦 - 青花瓷
[跳过] 无法确定歌手字段，文件名=周杰伦 - 娘子
[跳过] 无法确定歌手字段，文件名=This Is Us - Backstreet Boys
[跳过] 无法确定歌手字段，文件名=周杰伦&袁咏琳 - 画沙
[跳过] 无法确定歌手字段，文件名=薛之谦 - 那是你离开了北京的生活
[跳过] 无法确定歌手字段，文件名=周杰伦 - 园游会
[跳过] 无法确定歌手字段，文件名=周杰伦 - 星晴
[跳过] 无法确定歌手字段，文件名=周杰伦 - 兰亭序
[跳过] 无法确定歌手字段，文件名=借口 - 周杰伦
[跳过] 无法确定歌手字段，文件名=Lemon Tree - Fool's Garden
[跳过] 无法确定歌手字段，文件名=周杰伦 - Champion
[跳过] 无法确定歌手字段，文件名=周杰伦 - 扯
[跳过] 无法确定歌手字段，文件名=生如夏花 - 朴树
[跳过] 无法确定歌手字段，文件名=别怕我伤心 (Live) - 张信哲、张艺兴
[跳过] 无法确定歌手字段，文件名=赤伶 - 是二智呀
[跳过] 无法确定歌手字段，文件名=毛不易、岳云鹏 - 一纸情书 (Live完整版)
[跳过] 无法确定歌手字段，文件名=周杰伦 - 白色风车
[跳过] 无法确定歌手字段，文件名=断了的弦(Live) - 周杰伦
[跳过] 无法确定歌手字段，文件名=周杰伦 - 忍者
[跳过] 无法确定歌手字段，文件名=红尘客栈 - 周杰伦
[跳过] 无法确定歌手字段，文件名=周杰伦 - 烟花易冷
[跳过] 无法确定歌手字段，文件名=这一生关于你的风景 - 枯木逢春
[跳过] 无法确定歌手字段，文件名=周杰伦 - 安静
[跳过] 无法确定歌手字段，文件名=追梦赤子心 - GALA
[跳过] 无法确定歌手字段，文件名=像风一样 - 薛之谦
[跳过] 无法确定歌手字段，文件名=消愁 (Live) - 毛不易
[跳过] 无法确定歌手字段，文件名=黄昏 - 周传雄
[跳过] 无法确定歌手字段，文件名=虞兮叹 - 闻人听書_
[跳过] 无法确定歌手字段，文件名=Try - Backstreet Boys
[跳过] 无法确定歌手字段，文件名=半兽人 - 周杰伦
[跳过] 无法确定歌手字段，文件名=违背的青春 - 薛之谦
[跳过] 无法确定歌手字段，文件名=暧昧 - 薛之谦
[跳过] 无法确定歌手字段，文件名=三年二班 - 周杰伦
[跳过] 无法确定歌手字段，文件名=他一定很爱你 - 阿杜
[跳过] 无法确定歌手字段，文件名=赤伶 - 等什么君
[跳过] 无法确定歌手字段，文件名=周杰伦 -  退后
[跳过] 无法确定歌手字段，文件名=犯贱 - 徐良、阿悄
[跳过] 无法确定歌手字段，文件名=周杰伦 - 菊花台
[跳过] 无法确定歌手字段，文件名=青春 (Live) - 毛不易
[跳过] 无法确定歌手字段，文件名=周杰伦 - 夜的第七章
[跳过] 无法确定歌手字段，文件名=毛不易 - 无问
[跳过] 无法确定歌手字段，文件名=吻得太逼真 - 张敬轩
[跳过] 无法确定歌手字段，文件名=周杰伦 - 蒲公英的约定
[跳过] 无法确定歌手字段，文件名=周杰伦 - 暗号
[跳过] 无法确定歌手字段，文件名=安静 - 周杰伦
[跳过] 无法确定歌手字段，文件名=隐形的翅膀 - 张韶涵
[跳过] 无法确定歌手字段，文件名=后来 - 刘若英
[跳过] 无法确定歌手字段，文件名=别 - 薛之谦
[跳过] 无法确定歌手字段，文件名=爱转角 - 罗志祥
[跳过] 无法确定歌手字段，文件名=慢半拍 - 薛之谦
[跳过] 无法确定歌手字段，文件名=周杰伦 - 蛇舞
[跳过] 无法确定歌手字段，文件名=周杰伦 - 半岛铁盒
[跳过] 无法确定歌手字段，文件名=薛之谦 - 丑八怪
[跳过] 无法确定歌手字段，文件名=离人愁 - 李袁杰
[跳过] 无法确定歌手字段，文件名=一个像夏天一个像秋天 - 范玮琪
[跳过] 无法确定歌手字段，文件名=踏山河 - 是七叔呢
[跳过] 无法确定歌手字段，文件名=I Need You Tonight - Backstreet Boys
[跳过] 无法确定歌手字段，文件名=明明就 - 周杰伦
[跳过] 无法确定歌手字段，文件名=摩天大楼 - 薛之谦
[跳过] 无法确定歌手字段，文件名=飘移 - 周杰伦
[跳过] 无法确定歌手字段，文件名=周杰伦 - 反方向的种
[跳过] 无法确定歌手字段，文件名=周杰伦 - 蓝色风暴
[跳过] 无法确定歌手字段，文件名=最初的梦想 - 范玮琪
[跳过] 无法确定歌手字段，文件名=龙卷风 - 周杰伦
[跳过] 无法确定歌手字段，文件名=周杰伦 - 一路向北
[跳过] 无法确定歌手字段，文件名=周杰伦 - 彩虹
[跳过] 无法确定歌手字段，文件名=后会无期 - 汪苏泷、徐良
[跳过] 无法确定歌手字段，文件名=那是你离开了北京的生活 - 薛之谦
[跳过] 无法确定歌手字段，文件名=周杰伦 - 外婆
[跳过] 无法确定歌手字段，文件名=周杰伦 - 七里香
[跳过] 无法确定歌手字段，文件名=方圆几里 - 薛之谦
[跳过] 无法确定歌手字段，文件名=周杰伦 - Tanning In Your Sunray
[跳过] 无法确定歌手字段，文件名=薛之谦&欧阳娜娜 - 小幸运(Live)
[跳过] 无法确定歌手字段，文件名=青花瓷 (DJ版) - 宋瑞、梦瑾、气质韩
[跳过] 无法确定歌手字段，文件名=爱的飞行日记 - 周杰伦、杨瑞代
[跳过] 无法确定歌手字段，文件名=你的承诺 - 海鸣威
[跳过] 无法确定歌手字段，文件名=轨迹 - 周杰伦
[跳过] 无法确定歌手字段，文件名=认真的雪 - 薛之谦
[跳过] 无法确定歌手字段，文件名=下雨了 - 薛之谦
[跳过] 无法确定歌手字段，文件名=止战之殇 - 周杰伦
[跳过] 无法确定歌手字段，文件名=那女孩对我说 - Uu
[跳过] 无法确定歌手字段，文件名=周杰伦 - Gloves 2 Ali
[跳过] 无法确定歌手字段，文件名=周杰伦 - A Racer'S Dream
[跳过] 无法确定歌手字段，文件名=明明就(Live) - 周杰伦
[跳过] 无法确定歌手字段，文件名=周杰伦 - 枫
[跳过] 无法确定歌手字段，文件名=周杰伦 - 愛在西元前
[跳过] 无法确定歌手字段，文件名=超跑女神 - 周杰伦
[跳过] 无法确定歌手字段，文件名=周杰伦 - 漂移
[跳过] 无法确定歌手字段，文件名=薛之谦 - 你还要我怎样
[跳过] 无法确定歌手字段，文件名=开不了口 - 周杰伦
[跳过] 无法确定歌手字段，文件名=毛不易 - 像我这样的人
[跳过] 无法确定歌手字段，文件名=耗尽 - 薛之谦、郭聪明
[跳过] 无法确定歌手字段，文件名=忍者 - 周杰伦
[跳过] 无法确定歌手字段，文件名=刀马旦 - 李玟、周杰伦
[跳过] 无法确定歌手字段，文件名=将军令 - 吴克群
[跳过] 无法确定歌手字段，文件名=周杰伦 - 对不起
[跳过] 无法确定歌手字段，文件名=心雨 - 周杰伦
[跳过] 无法确定歌手字段，文件名=哑巴 - 薛之谦
[跳过] 无法确定歌手字段，文件名=周杰伦 - 晴天
[跳过] 无法确定歌手字段，文件名=周杰伦 - Intro AE 86
[跳过] 无法确定歌手字段，文件名=不该 (with aMEI) - 周杰伦
[跳过] 无法确定歌手字段，文件名=我好像在哪见过你 - 薛之谦
[跳过] 无法确定歌手字段，文件名=天外来物 - 薛之谦
[跳过] 无法确定歌手字段，文件名=周杰伦 - 麦芽糖
[跳过] 无法确定歌手字段，文件名=毛不易 - 借
[跳过] 无法确定歌手字段，文件名=双截棍 - 周杰伦
[跳过] 无法确定歌手字段，文件名=为了遇见你 - 薛之谦
[跳过] 无法确定歌手字段，文件名=巅峰之上 - 毛不易
[跳过] 无法确定歌手字段，文件名=周杰伦 - 搁浅
[跳过] 无法确定歌手字段，文件名=周杰伦 - 龙卷风
[跳过] 无法确定歌手字段，文件名=毛不易、钟易轩 - 我要你 (Live)
[跳过] 无法确定歌手字段，文件名=说好的幸福呢 - 周杰伦
[跳过] 无法确定歌手字段，文件名=周杰伦 - 倒带
[跳过] 无法确定歌手字段，文件名=你是人间四月天 - 邵帅
[跳过] 无法确定歌手字段，文件名=退后 - 周杰伦
[跳过] 无法确定歌手字段，文件名=李俊男 - 寂寞才说爱 (DJ版)
[跳过] 无法确定歌手字段，文件名=小星星 - 汪苏泷
[跳过] 无法确定歌手字段，文件名=周杰伦 - 魔杰先生
[跳过] 无法确定歌手字段，文件名=Don't  Wanna Lose You Now - Backstreet Boys
[跳过] 无法确定歌手字段，文件名=我爱你不问归期 - 白小白
[跳过] 无法确定歌手字段，文件名=相信自己 - 零点乐队
[跳过] 无法确定歌手字段，文件名=外婆 - 周杰伦
[跳过] 无法确定歌手字段，文件名=周杰伦 - 珊瑚海
[跳过] 无法确定歌手字段，文件名=发如雪 - 周杰伦
[跳过] 无法确定歌手字段，文件名=小幸运 (Live) - 薛之谦、欧阳娜娜
[跳过] 无法确定歌手字段，文件名=牛仔很忙 - 周杰伦
[跳过] 无法确定歌手字段，文件名=周杰伦 - 说好的幸福呢
[跳过] 无法确定歌手字段，文件名=爷爷泡的茶 - 周杰伦
[跳过] 无法确定歌手字段，文件名=周杰伦 - 红模仿
[跳过] 无法确定歌手字段，文件名=周杰伦 - 龙战骑士
[跳过] 无法确定歌手字段，文件名=光辉岁月 - Beyond
[跳过] 无法确定歌手字段，文件名=月亮惹的祸 - 张宇
[跳过] 无法确定歌手字段，文件名=像我这样的人 - 毛不易
[跳过] 无法确定歌手字段，文件名=给我一首歌的时间(Live) - 周杰伦、蔡依林
[跳过] 无法确定歌手字段，文件名=周杰伦 - The Discovery
[跳过] 无法确定歌手字段，文件名=周杰伦 - 以父之名
[跳过] 无法确定歌手字段，文件名=日不落 - 蔡依林
[跳过] 无法确定歌手字段，文件名=周杰伦 - 最后的战役
[跳过] 无法确定歌手字段，文件名=园游会 - 周杰伦
[跳过] 无法确定歌手字段，文件名=周杰伦 - My Limbo
[跳过] 无法确定歌手字段，文件名=求佛 - 誓言
[跳过] 无法确定歌手字段，文件名=栀子花开 - 何炅、王诗龄
[跳过] 无法确定歌手字段，文件名=I'll Be There for You - Backstreet Boys
[跳过] 无法确定歌手字段，文件名=珊瑚海 - 周杰伦、梁心颐
[跳过] 无法确定歌手字段，文件名=迷迭香 - 周杰伦
[跳过] 无法确定歌手字段，文件名=那些年 - 胡夏
[跳过] 无法确定歌手字段，文件名=起风了 - 买辣椒也用券
[跳过] 无法确定歌手字段，文件名=爱江山更爱美人 - 小阿枫
[跳过] 无法确定歌手字段，文件名=毛不易 - 青春 (Live)
[跳过] 无法确定歌手字段，文件名=最佳许嵩 - 歌手
[跳过] 无法确定歌手字段，文件名=一路向北 - 周杰伦
[跳过] 无法确定歌手字段，文件名=霍元甲 - 周杰伦
[跳过] 无法确定歌手字段，文件名=星月神话 - 金莎
[跳过] 无法确定歌手字段，文件名=夜曲 - 周杰伦
[跳过] 无法确定歌手字段，文件名=大笨钟 - 周杰伦
[跳过] 无法确定歌手字段，文件名=牧马城市 - 毛不易
[跳过] 无法确定歌手字段，文件名=游京 - 海伦
[跳过] 无法确定歌手字段，文件名=中国话 - S.H.E
[跳过] 无法确定歌手字段，文件名=爱在西元前 - 周杰伦
[跳过] 无法确定歌手字段，文件名=周杰伦 - 完美主义
[跳过] 无法确定歌手字段，文件名=男人海洋 - 周传雄
[跳过] 无法确定歌手字段，文件名=稻香 - 周杰伦
[跳过] 无法确定歌手字段，文件名=周杰伦 - 超人不会飞
[跳过] 无法确定歌手字段，文件名=霍元甲(Live) - 周杰伦
[跳过] 无法确定歌手字段，文件名=爱在西元前
[跳过] 无法确定歌手字段，文件名=恰逢那年你明媚+-+灯叔
[跳过] 无法确定歌手字段，文件名=完美主义 - 周杰伦
[跳过] 无法确定歌手字段，文件名=薛之谦 - 刚刚好
[跳过] 无法确定歌手字段，文件名=花粥 - 一腔诗意喂了狗
[跳过] 无法确定歌手字段，文件名=花粥 - 最美不过是朝晖
[跳过] 无法确定歌手字段，文件名=周杰伦 - 红尘客栈
[跳过] 无法确定歌手字段，文件名=周杰伦 - 斗牛
[跳过] 无法确定歌手字段，文件名=毛不易 - 叮咛
[跳过] 无法确定歌手字段，文件名=明天过后 - 张杰
[跳过] 无法确定歌手字段，文件名=可惜不是你 - 梁静茹
[跳过] 无法确定歌手字段，文件名=毛不易 - 今日我离别
[跳过] 无法确定歌手字段，文件名=花粥 - 遥不可及的你
[跳过] 无法确定歌手字段，文件名=黄种人 - 谢霆锋
[跳过] 无法确定歌手字段，文件名=笑纳 - 花僮
[跳过] 无法确定歌手字段，文件名=夜曲(Live) - 周杰伦
[跳过] 无法确定歌手字段，文件名=周杰伦 - 我的地盘
[跳过] 无法确定歌手字段，文件名=周杰伦 - 浪漫手机
[跳过] 无法确定歌手字段，文件名=周杰伦 - Driving To Heaven
[跳过] 无法确定歌手字段，文件名=周杰伦 - 告白气球
[跳过] 无法确定歌手字段，文件名=Show Me the Meaning of Being Lonely - Backstreet Boys
[跳过] 无法确定歌手字段，文件名=聊表心意 - 薛之谦、刘惜君
[跳过] 无法确定歌手字段，文件名=不能说的秘密 - 周杰伦
[跳过] 无法确定歌手字段，文件名=撕夜 - 阿杜
[跳过] 无法确定歌手字段，文件名=Mojito - 周杰伦
[跳过] 无法确定歌手字段，文件名=周杰伦 - 好久不见
[跳过] 无法确定歌手字段，文件名=别说我的眼泪你无所谓 - 东来东往
[跳过] 无法确定歌手字段，文件名=夜的第七章 - 周杰伦
[跳过] 无法确定歌手字段，文件名=周杰伦 - 回到过去
[跳过] 无法确定歌手字段，文件名=花粥,风子 - 海盗船长2.0
[跳过] 无法确定歌手字段，文件名=周杰伦 - 自导自演
[跳过] 无法确定歌手字段，文件名=最好 - 薛之谦
[跳过] 无法确定歌手字段，文件名=算什么男人 - 周杰伦
[跳过] 无法确定歌手字段，文件名=意外 - 薛之谦
[跳过] 无法确定歌手字段，文件名=桥边姑娘 - 海伦
[跳过] 无法确定歌手字段，文件名=Something That I Already Know - Backstreet Boys
[跳过] 无法确定歌手字段，文件名=周杰伦 - We Roll
[跳过] 无法确定歌手字段，文件名=说好不哭 (with 五月天阿信) - 周杰伦
[跳过] 无法确定歌手字段，文件名=曾经的你 - 许巍
[跳过] 无法确定歌手字段，文件名=此生不换 - 青鸟飞鱼
[跳过] 无法确定歌手字段，文件名=青花 - 周传雄
[跳过] 无法确定歌手字段，文件名=周杰伦 - 爸我回来了
[跳过] 无法确定歌手字段，文件名=浴火成诗 - 迪丽热巴、毛不易
[跳过] 无法确定歌手字段，文件名=花粥 - 我在十点差三分的时候开始想你
[跳过] 无法确定歌手字段，文件名=薛之谦 - 像风一样 (Live)
[跳过] 无法确定歌手字段，文件名=陪你去流浪 - 薛之谦
[跳过] 无法确定歌手字段，文件名=花粥 - 舍离书
[跳过] 无法确定歌手字段，文件名=小情歌 - 苏打绿
[跳过] 无法确定歌手字段，文件名=周杰伦 - 霍元甲
[跳过] 无法确定歌手字段，文件名=狐狸 - 薛之谦
[跳过] 无法确定歌手字段，文件名=你还要我怎样 - 薛之谦
[跳过] 无法确定歌手字段，文件名=一剪梅 - 费玉清
[跳过] 无法确定歌手字段，文件名=周杰伦 - 你听得到
[跳过] 无法确定歌手字段，文件名=戏子多秋 - 涛少君
[跳过] 无法确定歌手字段，文件名=高尚 - 薛之谦
[跳过] 无法确定歌手字段，文件名=周杰伦 - 三年二班
[跳过] 无法确定歌手字段，文件名=周杰伦 - First Date
[跳过] 无法确定歌手字段，文件名=周杰伦 - 无双
[跳过] 无法确定歌手字段，文件名=周杰伦 - 双截棍
[跳过] 无法确定歌手字段，文件名=周杰伦 - 我落泪，情绪零碎
[跳过] 无法确定歌手字段，文件名=反方向的钟 - 周杰伦
[跳过] 无法确定歌手字段，文件名=Not for Me - Backstreet Boys
[跳过] 无法确定歌手字段，文件名=花粥 - 是红
[跳过] 无法确定歌手字段，文件名=说谎 - 林宥嘉
[跳过] 无法确定歌手字段，文件名=美了美了 - 小沈阳、汤潮
[跳过] 无法确定歌手字段，文件名=海盗 - 蔡依林、周杰伦
[跳过] 无法确定歌手字段，文件名=周杰伦 - 梯田
[跳过] 无法确定歌手字段，文件名=冬天的秘密 - 周传雄
[跳过] 无法确定歌手字段，文件名=周杰伦 - 将军
[跳过] 无法确定歌手字段，文件名=周大侠 - 周杰伦
[跳过] 无法确定歌手字段，文件名=晴天(Live) - 周杰伦
[跳过] 无法确定歌手字段，文件名=暖风 - 周传雄
[跳过] 无法确定歌手字段，文件名=周杰伦 - 退后
[跳过] 无法确定歌手字段，文件名=迷魂曲 - 周杰伦
[跳过] 无法确定歌手字段，文件名=白色风车 - 周杰伦
[跳过] 无法确定歌手字段，文件名=周杰伦 - 阳光宅男
[跳过] 无法确定歌手字段，文件名=米兰的小铁匠 - 周杰伦
[跳过] 无法确定歌手字段，文件名=周杰伦 - 威廉古堡
[跳过] 无法确定歌手字段，文件名=周杰伦 - 跨时代
[跳过] 无法确定歌手字段，文件名=周杰伦 - 你比从前快乐
[跳过] 无法确定歌手字段，文件名=飞鸟和蝉 - 任然
[跳过] 无法确定歌手字段，文件名=几人游 - 单小源
[跳过] 无法确定歌手字段，文件名=回到过去 - 周杰伦
[跳过] 无法确定歌手字段，文件名=Beyond - 光辉岁月
[跳过] 无法确定歌手字段，文件名=一程山路 (Live) - 毛不易
[跳过] 无法确定歌手字段，文件名=枫 - 周杰伦
[跳过] 无法确定歌手字段，文件名=周杰伦 - 最长的电影
[跳过] 无法确定歌手字段，文件名=清空 - 王忻辰、苏星婕
[跳过] 无法确定歌手字段，文件名=莫问归期 - 蒋雪儿
[跳过] 无法确定歌手字段，文件名=周杰伦 - 黑色毛衣
[跳过] 无法确定歌手字段，文件名=周杰伦 - 龙拳
[跳过] 无法确定歌手字段，文件名=周杰伦 - 开不了口
[跳过] 无法确定歌手字段，文件名=周杰伦 - 轨迹
[跳过] 无法确定歌手字段，文件名=笑纳 (DJ沈念版) - 花僮
[跳过] 无法确定歌手字段，文件名=有没有 - 薛之谦
[跳过] 无法确定歌手字段，文件名=毛不易 - 逆风
[跳过] 无法确定歌手字段，文件名=一眼万年 - S.H.E
[跳过] 无法确定歌手字段，文件名=手放开 - 李圣杰
[跳过] 无法确定歌手字段，文件名=你的酒馆对我打了烊 - 陈雪凝
[跳过] 无法确定歌手字段，文件名=少年 - 梦然
[跳过] 无法确定歌手字段，文件名=睫毛弯弯 - 王心凌
[跳过] 无法确定歌手字段，文件名=王竟力、毛不易 - 一生所爱 (Live)
[跳过] 无法确定歌手字段，文件名=周杰伦 - 甜甜的
[跳过] 无法确定歌手字段，文件名=寂寞沙洲冷 - 周传雄
[跳过] 无法确定歌手字段，文件名=周杰伦 - 免费教学录影带
[跳过] 无法确定歌手字段，文件名=下山 - 要不要买菜
[跳过] 无法确定歌手字段，文件名=周杰伦 - 爱情悬崖
[跳过] 无法确定歌手字段，文件名=周杰伦 - 她的睫毛
[跳过] 无法确定歌手字段，文件名=屋顶 - 周杰伦、温岚
[跳过] 无法确定歌手字段，文件名=薛之谦 - 演员
[跳过] 无法确定歌手字段，文件名=天佑、毛不易 - 如果有一天我变得很有钱 (Live)
[跳过] 无法确定歌手字段，文件名=周杰伦 - 四面楚歌
[跳过] 无法确定歌手字段，文件名=周杰伦 - 夜曲
[跳过] 无法确定歌手字段，文件名=演员 - 薛之谦
[跳过] 无法确定歌手字段，文件名=我们不该这样的 (DJ新弹跳) - 攀娘、扎哥
[跳过] 无法确定歌手字段，文件名=洋葱 - 杨宗纬
[跳过] 无法确定歌手字段，文件名=周杰伦 - 火车去哪里
[跳过] 无法确定歌手字段，文件名=薛之谦 - 怪咖
[跳过] 无法确定歌手字段，文件名=会呼吸的痛 - 梁静茹
[跳过] 无法确定歌手字段，文件名=肆无忌惮 - 薛之谦
[跳过] 无法确定歌手字段，文件名=周杰伦 - 心雨
[跳过] 无法确定歌手字段，文件名=迪丽热巴、毛不易 - 浴火成诗
[跳过] 无法确定歌手字段，文件名=周杰伦 - 借口
[跳过] 无法确定歌手字段，文件名=周杰伦 - 同一种调调
[跳过] 无法确定歌手字段，文件名=周杰伦 - Never Mind
[跳过] 无法确定歌手字段，文件名=千里之外 (Live) - 周杰伦、费玉清
[跳过] 无法确定歌手字段，文件名=我不配 - 周杰伦
[跳过] 无法确定歌手字段，文件名=左边 - 杨丞琳
[跳过] 无法确定歌手字段，文件名=最后的战役 - 周杰伦
[跳过] 无法确定歌手字段，文件名=倒带(Live) - 周杰伦
[跳过] 无法确定歌手字段，文件名=你是我的眼 - 林宥嘉
[跳过] 无法确定歌手字段，文件名=秋天不回来 - 王强
[跳过] 无法确定歌手字段，文件名=天后 (Live) - 薛之谦
[跳过] 无法确定歌手字段，文件名=上海一九四三 - 周杰伦
[跳过] 无法确定歌手字段，文件名=菊花台 - 周杰伦
[跳过] 无法确定歌手字段，文件名=六月的雨 - 胡歌
[跳过] 无法确定歌手字段，文件名=你是人间四月天 (Live) - 邵帅
[跳过] 无法确定歌手字段，文件名=年少有你 - 李易峰
[跳过] 无法确定歌手字段，文件名=周杰伦 - 时光机
[跳过] 无法确定歌手字段，文件名=绅士 - 薛之谦
[跳过] 无法确定歌手字段，文件名=万有引力 - 汪苏泷
[跳过] 无法确定歌手字段，文件名=Beyond - 海阔天空
[跳过] 无法确定歌手字段，文件名=甜甜的 - 周杰伦
[跳过] 无法确定歌手字段，文件名=死了都要爱 - 信乐团
[跳过] 无法确定歌手字段，文件名=花粥 - 纸短情长
[跳过] 无法确定歌手字段，文件名=周杰伦 - 半兽人
[跳过] 无法确定歌手字段，文件名=哥只是个传说 - 陈旭
[跳过] 无法确定歌手字段，文件名=周杰伦 - God's Hands On The Wheel
[跳过] 无法确定歌手字段，文件名=周杰伦 - 爱我别走
[跳过] 无法确定歌手字段，文件名=爱我的人和我爱的人 - 游鸿明
[跳过] 无法确定歌手字段，文件名=Take Me To Your Heart - Michael Learns To Rock
[跳过] 无法确定歌手字段，文件名=Beyond - 真的爱你
[跳过] 无法确定歌手字段，文件名=野心 - 薛之谦
[跳过] 无法确定歌手字段，文件名=关机又关机 - YangYang
[跳过] 无法确定歌手字段，文件名=怪咖 - 薛之谦
[跳过] 无法确定歌手字段，文件名=薛之谦 - 认真的雪
[跳过] 无法确定歌手字段，文件名=初学者 - 薛之谦
[跳过] 无法确定歌手字段，文件名=只对你有感觉 - 飞轮海、田馥甄
[跳过] 无法确定歌手字段，文件名=辞九门回忆 - 等什么君
[跳过] 无法确定歌手字段，文件名=陈奕迅&eason and the duo band-Originality  (Interlude)
[跳过] 无法确定歌手字段，文件名=纸船 - 薛之谦、郁可唯
[跳过] 无法确定歌手字段，文件名=爱江山更爱美人 - 李丽芬
[跳过] 无法确定歌手字段，文件名=惊鸿一面 - 许嵩、黄龄
[跳过] 无法确定歌手字段，文件名=陈奕迅-人生马拉松
[跳过] 无法确定歌手字段，文件名=许嵩 - 幻听
[跳过] 无法确定歌手字段，文件名=噢买尬 - 五月天
[跳过] 无法确定歌手字段，文件名=陈奕迅-跳得火热
[跳过] 无法确定歌手字段，文件名=周杰伦 - 懦夫
[跳过] 无法确定歌手字段，文件名=陈奕迅-Hippie
[跳过] 无法确定歌手字段，文件名=需要人陪 - 王力宏
[跳过] 无法确定歌手字段，文件名=白月光与朱砂痣 - 大籽
[跳过] 无法确定歌手字段，文件名=陈奕迅-人车志
[跳过] 无法确定歌手字段，文件名=周杰伦 - 听妈妈的话
[跳过] 无法确定歌手字段，文件名=降温 - 许嵩
[跳过] 无法确定歌手字段，文件名=五月天、陈绮贞 - 私奔到月球
[跳过] 无法确定歌手字段，文件名=将军令 - 五月天
[跳过] 无法确定歌手字段，文件名=河山大好 - 许嵩
[跳过] 无法确定歌手字段，文件名=陈奕迅-最后今晚
[跳过] 无法确定歌手字段，文件名=周杰伦 - 明明就
[跳过] 无法确定歌手字段，文件名=周杰伦 - 千里之外
[跳过] 无法确定歌手字段，文件名=五月天 - 擁抱
[跳过] 无法确定歌手字段，文件名=周杰伦 - 花海
[跳过] 无法确定歌手字段，文件名=五月天 - 諾亞方舟
[跳过] 无法确定歌手字段，文件名=TA - 不是花火呀
[跳过] 无法确定歌手字段，文件名=陈奕迅&eason and the duo band-可一可再
[跳过] 无法确定歌手字段，文件名=陈奕迅-漂亮小姐
[跳过] 无法确定歌手字段，文件名=至少还有你(Live) - 林俊杰
[跳过] 无法确定歌手字段，文件名=星月神话 (抖音DJ版) - 抖音热歌、陈烁
[跳过] 无法确定歌手字段，文件名=浪漫手机 - 周杰伦
[跳过] 无法确定歌手字段，文件名=红玫瑰 - 陈奕迅
[跳过] 无法确定歌手字段，文件名=许嵩 - 城府
[跳过] 无法确定歌手字段，文件名=陈奕迅-戏迷情人
[跳过] 无法确定歌手字段，文件名=盛夏的果实 - 莫文蔚
[跳过] 无法确定歌手字段，文件名=周杰伦 - 说了再见
[跳过] 无法确定歌手字段，文件名=一路向北(Live) - 周杰伦
[跳过] 无法确定歌手字段，文件名=陈奕迅-娱乐天空
[跳过] 无法确定歌手字段，文件名=陈奕迅-在这个世界相遇
[跳过] 无法确定歌手字段，文件名=陈奕迅-万佛朝宗
[跳过] 无法确定歌手字段，文件名=陈奕迅-结束开始
[跳过] 无法确定歌手字段，文件名=爱情转移 - 陈奕迅
[跳过] 无法确定歌手字段，文件名=尘海 - 毛不易
[跳过] 无法确定歌手字段，文件名=陈奕迅-阳性反应
[跳过] 无法确定歌手字段，文件名=燕尾蝶(Live) - 五月天
[跳过] 无法确定歌手字段，文件名=爱一点 - 王力宏、章子怡
[跳过] 无法确定歌手字段，文件名=天使的翅膀 - 安琥
[跳过] 无法确定歌手字段，文件名=我的心太乱 - 周传雄
[跳过] 无法确定歌手字段，文件名=在那不遥远的地方 - 许嵩
[跳过] 无法确定歌手字段，文件名=后来的我们 - 五月天
[跳过] 无法确定歌手字段，文件名=周杰伦 - 给我一首歌的时间
[跳过] 无法确定歌手字段，文件名=同桌的你 (风行版) - 老狼
[跳过] 无法确定歌手字段，文件名=周杰伦 - 逆鳞
[跳过] 无法确定歌手字段，文件名=周杰伦 - 乔克叔叔
[跳过] 无法确定歌手字段，文件名=周杰伦 - 我不配
[跳过] 无法确定歌手字段，文件名=我难过(Live) - 周传雄、颜人中
[跳过] 无法确定歌手字段，文件名=全球变冷 - 许嵩
[跳过] 无法确定歌手字段，文件名=最长的电影(Live) - 周杰伦
[跳过] 无法确定歌手字段，文件名=勇气 - 梁静茹
[跳过] 无法确定歌手字段，文件名=诺亚方舟 - 五月天
[跳过] 无法确定歌手字段，文件名=阳光宅男 - 周杰伦
[跳过] 无法确定歌手字段，文件名=毛不易 - 故乡游 (Live)
[跳过] 无法确定歌手字段，文件名=告白气球(Live) - 周杰伦、LOKEY低调组合
[跳过] 无法确定歌手字段，文件名=周杰伦 - 发如雪
[跳过] 无法确定歌手字段，文件名=Never Gone - Backstreet Boys
[跳过] 无法确定歌手字段，文件名=周杰伦 - 乱舞春秋
[跳过] 无法确定歌手字段，文件名=醉赤壁 - 林俊杰
[跳过] 无法确定歌手字段，文件名=倒带 (Live) - 李荣浩、斑马森林
[跳过] 无法确定歌手字段，文件名=其实 - 薛之谦
[跳过] 无法确定歌手字段，文件名=周杰伦 - 本草纲目
[跳过] 无法确定歌手字段，文件名=别在我离开之前离开 - 雷诺儿
[跳过] 无法确定歌手字段，文件名=Shape Of My Heart - Backstreet Boys
[跳过] 无法确定歌手字段，文件名=周杰伦 - 流浪诗人
[跳过] 无法确定歌手字段，文件名=周杰伦 - 稻香
[跳过] 无法确定歌手字段，文件名=浪子闲话 (DJ沈念版) - 花僮
[跳过] 无法确定歌手字段，文件名=周杰伦 - 止战之殇
[跳过] 无法确定歌手字段，文件名=周杰伦 - 困兽之斗
[跳过] 无法确定歌手字段，文件名=五月天 - 听不到
[跳过] 无法确定歌手字段，文件名=周杰伦 - 米兰的小铁匠
[跳过] 无法确定歌手字段，文件名=李荣浩 - 模特
[跳过] 无法确定歌手字段，文件名=花粥,王胜男 - 浮白
[跳过] 无法确定歌手字段，文件名=周杰伦 - 牛仔很忙
[跳过] 无法确定歌手字段，文件名=裂缝中的阳光 - 林俊杰
[跳过] 无法确定歌手字段，文件名=周杰伦 - 双刀
[跳过] 无法确定歌手字段，文件名=皮影戏 - 周杰伦
[跳过] 无法确定歌手字段，文件名=毛不易 - 牧马城市
[跳过] 无法确定歌手字段，文件名=周杰伦 - 爷爷泡的茶
[跳过] 无法确定歌手字段，文件名=国王与乞丐 - 华晨宇、杨宗纬
[跳过] 无法确定歌手字段，文件名=借 (Live) - 毛不易
[跳过] 无法确定歌手字段，文件名=暖暖 - 梁静茹
[跳过] 无法确定歌手字段，文件名=伤心的人别听慢歌（贯彻快乐) - 五月天
[跳过] 无法确定歌手字段，文件名=周杰伦 - 距离
[跳过] 无法确定歌手字段，文件名=星晴 - 周杰伦
[跳过] 无法确定歌手字段，文件名=不爱我就拉倒 - 周杰伦
[跳过] 无法确定歌手字段，文件名=五月天 - 志明与春娇
[跳过] 无法确定歌手字段，文件名=过火 - 张信哲
[跳过] 无法确定歌手字段，文件名=周杰伦、李玟 - 刀马旦
[跳过] 无法确定歌手字段，文件名=周杰伦 - 伊斯坦堡
[跳过] 无法确定歌手字段，文件名=周杰伦 - 国游会
[跳过] 无法确定歌手字段，文件名=刚刚好 - 薛之谦
[跳过] 无法确定歌手字段，文件名=周杰伦 - 黑色幽默
[跳过] 无法确定歌手字段，文件名=本草纲目 - 周杰伦
[跳过] 无法确定歌手字段，文件名=断点 - 张敬轩
[跳过] 无法确定歌手字段，文件名=周杰伦 - Lost Good Things
[跳过] 无法确定歌手字段，文件名=画沙 - 周杰伦、袁咏琳
[跳过] 无法确定歌手字段，文件名=五月天 - 生命有一种绝对
[跳过] 无法确定歌手字段，文件名=毛不易-消愁
[跳过] 无法确定歌手字段，文件名=周杰伦 - 可爱女人
[跳过] 无法确定歌手字段，文件名=活着 - 郝云
[跳过] 无法确定歌手字段，文件名=飞云之下 - 韩红、林俊杰
[跳过] 无法确定歌手字段，文件名=一千年以后(单曲) - 林俊杰
[跳过] 无法确定歌手字段，文件名=爸爸妈妈 - 李荣浩
[跳过] 无法确定歌手字段，文件名=周杰伦 - 迷迭香
[跳过] 无法确定歌手字段，文件名=小酒窝 - 蔡卓妍、林俊杰
[跳过] 无法确定歌手字段，文件名=林俊杰 - 可惜没如果
[跳过] 无法确定歌手字段，文件名=被风吹过的夏天 - 金莎、林俊杰
[跳过] 无法确定歌手字段，文件名=周杰伦 - 错口
[跳过] 无法确定歌手字段，文件名=那些你很冒险的梦 - 林俊杰
[跳过] 无法确定歌手字段，文件名=说走就走 - 周杰伦
[跳过] 无法确定歌手字段，文件名=丑八怪 - 薛之谦
[跳过] 无法确定歌手字段，文件名=穷开心 - 花儿乐队
[跳过] 无法确定歌手字段，文件名=我吹过你吹过的晚风 - 风吹流年
[跳过] 无法确定歌手字段，文件名=突然好想你 live in the sky - 五月天、李荣浩、萧敬腾、毛不易
[跳过] 无法确定歌手字段，文件名=关不上的窗 - 周传雄
[跳过] 无法确定歌手字段，文件名=星空 - 五月天
[跳过] 无法确定歌手字段，文件名=Beautiful Tonight - Westlife
[跳过] 无法确定歌手字段，文件名=魏佳艺-风雨无阻[flac]
[跳过] 无法确定歌手字段，文件名=美人鱼 - 林俊杰
[跳过] 无法确定歌手字段，文件名=不潮不用花钱 - 林俊杰
[跳过] 无法确定歌手字段，文件名=蒲公英的约定 - 周杰伦
[跳过] 无法确定歌手字段，文件名=周杰伦 - 不能说的秘密
[跳过] 无法确定歌手字段，文件名=带你去旅行 - 校长（张驰）
[跳过] 无法确定歌手字段，文件名=独角戏 (Live) - 薛之谦
[跳过] 无法确定歌手字段，文件名=想把我唱给你听 - 老狼、王婧
[跳过] 无法确定歌手字段，文件名=月半小夜曲 - 李克勤
[跳过] 无法确定歌手字段，文件名=I Want It That Way - Backstreet Boys
[跳过] 无法确定歌手字段，文件名=李荣浩 - 喜剧之王
[跳过] 无法确定歌手字段，文件名=独家记忆 - 陈小春
[跳过] 无法确定歌手字段，文件名=江南(单曲) - 林俊杰
[跳过] 无法确定歌手字段，文件名=天份 - 薛之谦
[跳过] 无法确定歌手字段，文件名=周杰伦 - 爱在西元前
[跳过] 无法确定歌手字段，文件名=蓝色土耳其 - 周传雄
[跳过] 无法确定歌手字段，文件名=林俊杰 - 修炼爱情
[跳过] 无法确定歌手字段，文件名=我是如此相信 - 周杰伦
[跳过] 无法确定歌手字段，文件名=她的睫毛 - 周杰伦
[跳过] 无法确定歌手字段，文件名=领悟 (Live) - 林俊杰
[跳过] 无法确定歌手字段，文件名=动物世界 - 薛之谦
[跳过] 无法确定歌手字段，文件名=周杰伦 - The Way Of A Man
[跳过] 无法确定歌手字段，文件名=周杰伦 - 简单爱
[跳过] 无法确定歌手字段，文件名=芬芳一生 (Live) - 刘惜君、毛不易
[跳过] 无法确定歌手字段，文件名=周杰伦 - 爱的飞行日记
[跳过] 无法确定歌手字段，文件名=周杰伦 - 东风破
[跳过] 无法确定歌手字段，文件名=你是人间四月天 - 小沈阳、邵帅
[跳过] 无法确定歌手字段，文件名=爱如潮水 - 张信哲
[跳过] 无法确定歌手字段，文件名=如果有一天我变得很有钱 (Live) - 毛不易
[跳过] 无法确定歌手字段，文件名=醒不来的梦 - 回小仙
[跳过] 无法确定歌手字段，文件名=花好月圆夜 - 杨千嬅、任贤齐
[跳过] 无法确定歌手字段，文件名=周杰伦 - 青花瓷
[跳过] 无法确定歌手字段，文件名=周杰伦 - 娘子
[跳过] 无法确定歌手字段，文件名=This Is Us - Backstreet Boys
[跳过] 无法确定歌手字段，文件名=周杰伦&袁咏琳 - 画沙
[跳过] 无法确定歌手字段，文件名=薛之谦 - 那是你离开了北京的生活
[跳过] 无法确定歌手字段，文件名=周杰伦 - 园游会
[跳过] 无法确定歌手字段，文件名=周杰伦 - 星晴
[跳过] 无法确定歌手字段，文件名=周杰伦 - 兰亭序
[跳过] 无法确定歌手字段，文件名=借口 - 周杰伦
[跳过] 无法确定歌手字段，文件名=Lemon Tree - Fool's Garden
[跳过] 无法确定歌手字段，文件名=周杰伦 - Champion
[跳过] 无法确定歌手字段，文件名=周杰伦 - 扯
[跳过] 无法确定歌手字段，文件名=生如夏花 - 朴树
[跳过] 无法确定歌手字段，文件名=别怕我伤心 (Live) - 张信哲、张艺兴
[跳过] 无法确定歌手字段，文件名=赤伶 - 是二智呀
[跳过] 无法确定歌手字段，文件名=毛不易、岳云鹏 - 一纸情书 (Live完整版)
[跳过] 无法确定歌手字段，文件名=周杰伦 - 白色风车
[跳过] 无法确定歌手字段，文件名=断了的弦(Live) - 周杰伦
[跳过] 无法确定歌手字段，文件名=周杰伦 - 忍者
[跳过] 无法确定歌手字段，文件名=红尘客栈 - 周杰伦
[跳过] 无法确定歌手字段，文件名=周杰伦 - 烟花易冷
[跳过] 无法确定歌手字段，文件名=这一生关于你的风景 - 枯木逢春
[跳过] 无法确定歌手字段，文件名=周杰伦 - 安静
[跳过] 无法确定歌手字段，文件名=追梦赤子心 - GALA
[跳过] 无法确定歌手字段，文件名=像风一样 - 薛之谦
[跳过] 无法确定歌手字段，文件名=消愁 (Live) - 毛不易
[跳过] 无法确定歌手字段，文件名=黄昏 - 周传雄
[跳过] 无法确定歌手字段，文件名=虞兮叹 - 闻人听書_
[跳过] 无法确定歌手字段，文件名=Try - Backstreet Boys
[跳过] 无法确定歌手字段，文件名=半兽人 - 周杰伦
[跳过] 无法确定歌手字段，文件名=违背的青春 - 薛之谦
[跳过] 无法确定歌手字段，文件名=暧昧 - 薛之谦
[跳过] 无法确定歌手字段，文件名=三年二班 - 周杰伦
[跳过] 无法确定歌手字段，文件名=他一定很爱你 - 阿杜
[跳过] 无法确定歌手字段，文件名=赤伶 - 等什么君
[跳过] 无法确定歌手字段，文件名=周杰伦 -  退后
[跳过] 无法确定歌手字段，文件名=犯贱 - 徐良、阿悄
[跳过] 无法确定歌手字段，文件名=周杰伦 - 菊花台
[跳过] 无法确定歌手字段，文件名=青春 (Live) - 毛不易
[跳过] 无法确定歌手字段，文件名=周杰伦 - 夜的第七章
[跳过] 无法确定歌手字段，文件名=毛不易 - 无问
[跳过] 无法确定歌手字段，文件名=吻得太逼真 - 张敬轩
[跳过] 无法确定歌手字段，文件名=周杰伦 - 蒲公英的约定
[跳过] 无法确定歌手字段，文件名=周杰伦 - 暗号
[跳过] 无法确定歌手字段，文件名=安静 - 周杰伦
[跳过] 无法确定歌手字段，文件名=隐形的翅膀 - 张韶涵
[跳过] 无法确定歌手字段，文件名=后来 - 刘若英
[跳过] 无法确定歌手字段，文件名=别 - 薛之谦
[跳过] 无法确定歌手字段，文件名=爱转角 - 罗志祥
[跳过] 无法确定歌手字段，文件名=慢半拍 - 薛之谦
[跳过] 无法确定歌手字段，文件名=周杰伦 - 蛇舞
[跳过] 无法确定歌手字段，文件名=周杰伦 - 半岛铁盒
[跳过] 无法确定歌手字段，文件名=薛之谦 - 丑八怪
[跳过] 无法确定歌手字段，文件名=离人愁 - 李袁杰
[跳过] 无法确定歌手字段，文件名=一个像夏天一个像秋天 - 范玮琪
[跳过] 无法确定歌手字段，文件名=踏山河 - 是七叔呢
[跳过] 无法确定歌手字段，文件名=I Need You Tonight - Backstreet Boys
[跳过] 无法确定歌手字段，文件名=明明就 - 周杰伦
[跳过] 无法确定歌手字段，文件名=摩天大楼 - 薛之谦
[跳过] 无法确定歌手字段，文件名=飘移 - 周杰伦
[跳过] 无法确定歌手字段，文件名=周杰伦 - 反方向的种
[跳过] 无法确定歌手字段，文件名=周杰伦 - 蓝色风暴
[跳过] 无法确定歌手字段，文件名=最初的梦想 - 范玮琪
[跳过] 无法确定歌手字段，文件名=龙卷风 - 周杰伦
[跳过] 无法确定歌手字段，文件名=周杰伦 - 一路向北
[跳过] 无法确定歌手字段，文件名=周杰伦 - 彩虹
[跳过] 无法确定歌手字段，文件名=后会无期 - 汪苏泷、徐良
[跳过] 无法确定歌手字段，文件名=那是你离开了北京的生活 - 薛之谦
[跳过] 无法确定歌手字段，文件名=周杰伦 - 外婆
[跳过] 无法确定歌手字段，文件名=周杰伦 - 七里香
[跳过] 无法确定歌手字段，文件名=方圆几里 - 薛之谦
[跳过] 无法确定歌手字段，文件名=周杰伦 - Tanning In Your Sunray
[跳过] 无法确定歌手字段，文件名=薛之谦&欧阳娜娜 - 小幸运(Live)
[跳过] 无法确定歌手字段，文件名=青花瓷 (DJ版) - 宋瑞、梦瑾、气质韩
[跳过] 无法确定歌手字段，文件名=爱的飞行日记 - 周杰伦、杨瑞代
[跳过] 无法确定歌手字段，文件名=你的承诺 - 海鸣威
[跳过] 无法确定歌手字段，文件名=轨迹 - 周杰伦
[跳过] 无法确定歌手字段，文件名=认真的雪 - 薛之谦
[跳过] 无法确定歌手字段，文件名=下雨了 - 薛之谦
[跳过] 无法确定歌手字段，文件名=止战之殇 - 周杰伦
[跳过] 无法确定歌手字段，文件名=那女孩对我说 - Uu
[跳过] 无法确定歌手字段，文件名=周杰伦 - Gloves 2 Ali
[跳过] 无法确定歌手字段，文件名=周杰伦 - A Racer'S Dream
[跳过] 无法确定歌手字段，文件名=明明就(Live) - 周杰伦
[跳过] 无法确定歌手字段，文件名=周杰伦 - 枫
[跳过] 无法确定歌手字段，文件名=周杰伦 - 愛在西元前
[跳过] 无法确定歌手字段，文件名=超跑女神 - 周杰伦
[跳过] 无法确定歌手字段，文件名=周杰伦 - 漂移
[跳过] 无法确定歌手字段，文件名=薛之谦 - 你还要我怎样
[跳过] 无法确定歌手字段，文件名=开不了口 - 周杰伦
[跳过] 无法确定歌手字段，文件名=毛不易 - 像我这样的人
[跳过] 无法确定歌手字段，文件名=耗尽 - 薛之谦、郭聪明
[跳过] 无法确定歌手字段，文件名=忍者 - 周杰伦
[跳过] 无法确定歌手字段，文件名=刀马旦 - 李玟、周杰伦
[跳过] 无法确定歌手字段，文件名=将军令 - 吴克群
[跳过] 无法确定歌手字段，文件名=周杰伦 - 对不起
[跳过] 无法确定歌手字段，文件名=心雨 - 周杰伦
[跳过] 无法确定歌手字段，文件名=哑巴 - 薛之谦
[跳过] 无法确定歌手字段，文件名=周杰伦 - 晴天
[跳过] 无法确定歌手字段，文件名=周杰伦 - Intro AE 86
[跳过] 无法确定歌手字段，文件名=不该 (with aMEI) - 周杰伦
[跳过] 无法确定歌手字段，文件名=我好像在哪见过你 - 薛之谦
[跳过] 无法确定歌手字段，文件名=天外来物 - 薛之谦
[跳过] 无法确定歌手字段，文件名=周杰伦 - 麦芽糖
[跳过] 无法确定歌手字段，文件名=毛不易 - 借
[跳过] 无法确定歌手字段，文件名=双截棍 - 周杰伦
[跳过] 无法确定歌手字段，文件名=为了遇见你 - 薛之谦
[跳过] 无法确定歌手字段，文件名=巅峰之上 - 毛不易
[跳过] 无法确定歌手字段，文件名=周杰伦 - 搁浅
[跳过] 无法确定歌手字段，文件名=周杰伦 - 龙卷风
[跳过] 无法确定歌手字段，文件名=毛不易、钟易轩 - 我要你 (Live)
[跳过] 无法确定歌手字段，文件名=说好的幸福呢 - 周杰伦
[跳过] 无法确定歌手字段，文件名=周杰伦 - 倒带
[跳过] 无法确定歌手字段，文件名=你是人间四月天 - 邵帅
[跳过] 无法确定歌手字段，文件名=退后 - 周杰伦
[跳过] 无法确定歌手字段，文件名=李俊男 - 寂寞才说爱 (DJ版)
[跳过] 无法确定歌手字段，文件名=小星星 - 汪苏泷
[跳过] 无法确定歌手字段，文件名=周杰伦 - 魔杰先生
[跳过] 无法确定歌手字段，文件名=Don't  Wanna Lose You Now - Backstreet Boys
[跳过] 无法确定歌手字段，文件名=我爱你不问归期 - 白小白
[跳过] 无法确定歌手字段，文件名=相信自己 - 零点乐队
[跳过] 无法确定歌手字段，文件名=外婆 - 周杰伦
[跳过] 无法确定歌手字段，文件名=周杰伦 - 珊瑚海
[跳过] 无法确定歌手字段，文件名=发如雪 - 周杰伦
[跳过] 无法确定歌手字段，文件名=小幸运 (Live) - 薛之谦、欧阳娜娜
[跳过] 无法确定歌手字段，文件名=牛仔很忙 - 周杰伦
[跳过] 无法确定歌手字段，文件名=周杰伦 - 说好的幸福呢
[跳过] 无法确定歌手字段，文件名=爷爷泡的茶 - 周杰伦
[跳过] 无法确定歌手字段，文件名=周杰伦 - 红模仿
[跳过] 无法确定歌手字段，文件名=周杰伦 - 龙战骑士
[跳过] 无法确定歌手字段，文件名=光辉岁月 - Beyond
[跳过] 无法确定歌手字段，文件名=月亮惹的祸 - 张宇
[跳过] 无法确定歌手字段，文件名=像我这样的人 - 毛不易
[跳过] 无法确定歌手字段，文件名=给我一首歌的时间(Live) - 周杰伦、蔡依林
[跳过] 无法确定歌手字段，文件名=周杰伦 - The Discovery
[跳过] 无法确定歌手字段，文件名=周杰伦 - 以父之名
[跳过] 无法确定歌手字段，文件名=日不落 - 蔡依林
[跳过] 无法确定歌手字段，文件名=周杰伦 - 最后的战役
[跳过] 无法确定歌手字段，文件名=园游会 - 周杰伦
[跳过] 无法确定歌手字段，文件名=周杰伦 - My Limbo
[跳过] 无法确定歌手字段，文件名=求佛 - 誓言
[跳过] 无法确定歌手字段，文件名=栀子花开 - 何炅、王诗龄
[跳过] 无法确定歌手字段，文件名=I'll Be There for You - Backstreet Boys
[跳过] 无法确定歌手字段，文件名=珊瑚海 - 周杰伦、梁心颐
[跳过] 无法确定歌手字段，文件名=迷迭香 - 周杰伦
[跳过] 无法确定歌手字段，文件名=那些年 - 胡夏
[跳过] 无法确定歌手字段，文件名=起风了 - 买辣椒也用券
[跳过] 无法确定歌手字段，文件名=爱江山更爱美人 - 小阿枫
[跳过] 无法确定歌手字段，文件名=毛不易 - 青春 (Live)
[跳过] 无法确定歌手字段，文件名=最佳许嵩 - 歌手
[跳过] 无法确定歌手字段，文件名=一路向北 - 周杰伦
[跳过] 无法确定歌手字段，文件名=霍元甲 - 周杰伦
[跳过] 无法确定歌手字段，文件名=星月神话 - 金莎
[跳过] 无法确定歌手字段，文件名=夜曲 - 周杰伦
[跳过] 无法确定歌手字段，文件名=大笨钟 - 周杰伦
[跳过] 无法确定歌手字段，文件名=牧马城市 - 毛不易
[跳过] 无法确定歌手字段，文件名=游京 - 海伦
[跳过] 无法确定歌手字段，文件名=中国话 - S.H.E
[跳过] 无法确定歌手字段，文件名=爱在西元前 - 周杰伦
[跳过] 无法确定歌手字段，文件名=周杰伦 - 完美主义
[跳过] 无法确定歌手字段，文件名=男人海洋 - 周传雄
[跳过] 无法确定歌手字段，文件名=稻香 - 周杰伦
[跳过] 无法确定歌手字段，文件名=周杰伦 - 超人不会飞
[跳过] 无法确定歌手字段，文件名=霍元甲(Live) - 周杰伦
[跳过] 无法确定歌手字段，文件名=爱在西元前
[跳过] 无法确定歌手字段，文件名=恰逢那年你明媚+-+灯叔
[跳过] 无法确定歌手字段，文件名=完美主义 - 周杰伦
[跳过] 无法确定歌手字段，文件名=薛之谦 - 刚刚好
[跳过] 无法确定歌手字段，文件名=花粥 - 一腔诗意喂了狗
[跳过] 无法确定歌手字段，文件名=花粥 - 最美不过是朝晖
[跳过] 无法确定歌手字段，文件名=周杰伦 - 红尘客栈
[跳过] 无法确定歌手字段，文件名=周杰伦 - 斗牛
[跳过] 无法确定歌手字段，文件名=毛不易 - 叮咛
[跳过] 无法确定歌手字段，文件名=明天过后 - 张杰
[跳过] 无法确定歌手字段，文件名=可惜不是你 - 梁静茹
[跳过] 无法确定歌手字段，文件名=毛不易 - 今日我离别
[跳过] 无法确定歌手字段，文件名=花粥 - 遥不可及的你
[跳过] 无法确定歌手字段，文件名=黄种人 - 谢霆锋
[跳过] 无法确定歌手字段，文件名=笑纳 - 花僮
[跳过] 无法确定歌手字段，文件名=夜曲(Live) - 周杰伦
[跳过] 无法确定歌手字段，文件名=周杰伦 - 我的地盘
[跳过] 无法确定歌手字段，文件名=周杰伦 - 浪漫手机
[跳过] 无法确定歌手字段，文件名=周杰伦 - Driving To Heaven
[跳过] 无法确定歌手字段，文件名=周杰伦 - 告白气球
[跳过] 无法确定歌手字段，文件名=Show Me the Meaning of Being Lonely - Backstreet Boys
[跳过] 无法确定歌手字段，文件名=聊表心意 - 薛之谦、刘惜君
[跳过] 无法确定歌手字段，文件名=不能说的秘密 - 周杰伦
[跳过] 无法确定歌手字段，文件名=撕夜 - 阿杜
[跳过] 无法确定歌手字段，文件名=Mojito - 周杰伦
[跳过] 无法确定歌手字段，文件名=周杰伦 - 好久不见
[跳过] 无法确定歌手字段，文件名=别说我的眼泪你无所谓 - 东来东往
[跳过] 无法确定歌手字段，文件名=夜的第七章 - 周杰伦
[跳过] 无法确定歌手字段，文件名=周杰伦 - 回到过去
[跳过] 无法确定歌手字段，文件名=花粥,风子 - 海盗船长2.0
[跳过] 无法确定歌手字段，文件名=周杰伦 - 自导自演
[跳过] 无法确定歌手字段，文件名=最好 - 薛之谦
[跳过] 无法确定歌手字段，文件名=算什么男人 - 周杰伦
[跳过] 无法确定歌手字段，文件名=意外 - 薛之谦
[跳过] 无法确定歌手字段，文件名=桥边姑娘 - 海伦
[跳过] 无法确定歌手字段，文件名=Something That I Already Know - Backstreet Boys
[跳过] 无法确定歌手字段，文件名=周杰伦 - We Roll
[跳过] 无法确定歌手字段，文件名=说好不哭 (with 五月天阿信) - 周杰伦
[跳过] 无法确定歌手字段，文件名=曾经的你 - 许巍
[跳过] 无法确定歌手字段，文件名=此生不换 - 青鸟飞鱼
[跳过] 无法确定歌手字段，文件名=青花 - 周传雄
[跳过] 无法确定歌手字段，文件名=周杰伦 - 爸我回来了
[跳过] 无法确定歌手字段，文件名=浴火成诗 - 迪丽热巴、毛不易
[跳过] 无法确定歌手字段，文件名=花粥 - 我在十点差三分的时候开始想你
[跳过] 无法确定歌手字段，文件名=薛之谦 - 像风一样 (Live)
[跳过] 无法确定歌手字段，文件名=陪你去流浪 - 薛之谦
[跳过] 无法确定歌手字段，文件名=花粥 - 舍离书
[跳过] 无法确定歌手字段，文件名=小情歌 - 苏打绿
[跳过] 无法确定歌手字段，文件名=周杰伦 - 霍元甲
[跳过] 无法确定歌手字段，文件名=狐狸 - 薛之谦
[跳过] 无法确定歌手字段，文件名=你还要我怎样 - 薛之谦
[跳过] 无法确定歌手字段，文件名=一剪梅 - 费玉清
[跳过] 无法确定歌手字段，文件名=周杰伦 - 你听得到
[跳过] 无法确定歌手字段，文件名=戏子多秋 - 涛少君
[跳过] 无法确定歌手字段，文件名=高尚 - 薛之谦
[跳过] 无法确定歌手字段，文件名=周杰伦 - 三年二班
[跳过] 无法确定歌手字段，文件名=周杰伦 - First Date
[跳过] 无法确定歌手字段，文件名=周杰伦 - 无双
[跳过] 无法确定歌手字段，文件名=周杰伦 - 双截棍
[跳过] 无法确定歌手字段，文件名=周杰伦 - 我落泪，情绪零碎
[跳过] 无法确定歌手字段，文件名=反方向的钟 - 周杰伦
[跳过] 无法确定歌手字段，文件名=Not for Me - Backstreet Boys
[跳过] 无法确定歌手字段，文件名=花粥 - 是红
[跳过] 无法确定歌手字段，文件名=说谎 - 林宥嘉
[跳过] 无法确定歌手字段，文件名=美了美了 - 小沈阳、汤潮
[跳过] 无法确定歌手字段，文件名=海盗 - 蔡依林、周杰伦
[跳过] 无法确定歌手字段，文件名=周杰伦 - 梯田
[跳过] 无法确定歌手字段，文件名=冬天的秘密 - 周传雄
[跳过] 无法确定歌手字段，文件名=周杰伦 - 将军
[跳过] 无法确定歌手字段，文件名=周大侠 - 周杰伦
[跳过] 无法确定歌手字段，文件名=晴天(Live) - 周杰伦
[跳过] 无法确定歌手字段，文件名=暖风 - 周传雄
[跳过] 无法确定歌手字段，文件名=周杰伦 - 退后
[跳过] 无法确定歌手字段，文件名=迷魂曲 - 周杰伦
[跳过] 无法确定歌手字段，文件名=白色风车 - 周杰伦
[跳过] 无法确定歌手字段，文件名=周杰伦 - 阳光宅男
[跳过] 无法确定歌手字段，文件名=米兰的小铁匠 - 周杰伦
[跳过] 无法确定歌手字段，文件名=周杰伦 - 威廉古堡
[跳过] 无法确定歌手字段，文件名=周杰伦 - 跨时代
[跳过] 无法确定歌手字段，文件名=周杰伦 - 你比从前快乐
[跳过] 无法确定歌手字段，文件名=飞鸟和蝉 - 任然
[跳过] 无法确定歌手字段，文件名=几人游 - 单小源
[跳过] 无法确定歌手字段，文件名=回到过去 - 周杰伦
[跳过] 无法确定歌手字段，文件名=Beyond - 光辉岁月
[跳过] 无法确定歌手字段，文件名=一程山路 (Live) - 毛不易
[跳过] 无法确定歌手字段，文件名=枫 - 周杰伦
[跳过] 无法确定歌手字段，文件名=周杰伦 - 最长的电影
[跳过] 无法确定歌手字段，文件名=清空 - 王忻辰、苏星婕
[跳过] 无法确定歌手字段，文件名=莫问归期 - 蒋雪儿
[跳过] 无法确定歌手字段，文件名=周杰伦 - 黑色毛衣
[跳过] 无法确定歌手字段，文件名=周杰伦 - 龙拳
[跳过] 无法确定歌手字段，文件名=周杰伦 - 开不了口
[跳过] 无法确定歌手字段，文件名=周杰伦 - 轨迹
[跳过] 无法确定歌手字段，文件名=笑纳 (DJ沈念版) - 花僮
[跳过] 无法确定歌手字段，文件名=有没有 - 薛之谦
[跳过] 无法确定歌手字段，文件名=毛不易 - 逆风
[跳过] 无法确定歌手字段，文件名=一眼万年 - S.H.E
[跳过] 无法确定歌手字段，文件名=手放开 - 李圣杰
[跳过] 无法确定歌手字段，文件名=你的酒馆对我打了烊 - 陈雪凝
[跳过] 无法确定歌手字段，文件名=少年 - 梦然
[跳过] 无法确定歌手字段，文件名=睫毛弯弯 - 王心凌
[跳过] 无法确定歌手字段，文件名=王竟力、毛不易 - 一生所爱 (Live)
[跳过] 无法确定歌手字段，文件名=周杰伦 - 甜甜的
[跳过] 无法确定歌手字段，文件名=寂寞沙洲冷 - 周传雄
[跳过] 无法确定歌手字段，文件名=周杰伦 - 免费教学录影带
[跳过] 无法确定歌手字段，文件名=下山 - 要不要买菜
[跳过] 无法确定歌手字段，文件名=周杰伦 - 爱情悬崖
[跳过] 无法确定歌手字段，文件名=周杰伦 - 她的睫毛
[跳过] 无法确定歌手字段，文件名=屋顶 - 周杰伦、温岚
[跳过] 无法确定歌手字段，文件名=薛之谦 - 演员
[跳过] 无法确定歌手字段，文件名=天佑、毛不易 - 如果有一天我变得很有钱 (Live)
[跳过] 无法确定歌手字段，文件名=周杰伦 - 四面楚歌
[跳过] 无法确定歌手字段，文件名=周杰伦 - 夜曲
[跳过] 无法确定歌手字段，文件名=演员 - 薛之谦
[跳过] 无法确定歌手字段，文件名=我们不该这样的 (DJ新弹跳) - 攀娘、扎哥
[跳过] 无法确定歌手字段，文件名=洋葱 - 杨宗纬
[跳过] 无法确定歌手字段，文件名=周杰伦 - 火车去哪里
[跳过] 无法确定歌手字段，文件名=薛之谦 - 怪咖
[跳过] 无法确定歌手字段，文件名=会呼吸的痛 - 梁静茹
[跳过] 无法确定歌手字段，文件名=肆无忌惮 - 薛之谦
[跳过] 无法确定歌手字段，文件名=周杰伦 - 心雨
[跳过] 无法确定歌手字段，文件名=迪丽热巴、毛不易 - 浴火成诗
[跳过] 无法确定歌手字段，文件名=周杰伦 - 借口
[跳过] 无法确定歌手字段，文件名=周杰伦 - 同一种调调
[跳过] 无法确定歌手字段，文件名=周杰伦 - Never Mind
[跳过] 无法确定歌手字段，文件名=千里之外 (Live) - 周杰伦、费玉清
[跳过] 无法确定歌手字段，文件名=我不配 - 周杰伦
[跳过] 无法确定歌手字段，文件名=左边 - 杨丞琳
[跳过] 无法确定歌手字段，文件名=最后的战役 - 周杰伦
[跳过] 无法确定歌手字段，文件名=倒带(Live) - 周杰伦
[跳过] 无法确定歌手字段，文件名=你是我的眼 - 林宥嘉
[跳过] 无法确定歌手字段，文件名=秋天不回来 - 王强
[跳过] 无法确定歌手字段，文件名=天后 (Live) - 薛之谦
[跳过] 无法确定歌手字段，文件名=上海一九四三 - 周杰伦
[跳过] 无法确定歌手字段，文件名=菊花台 - 周杰伦
[跳过] 无法确定歌手字段，文件名=六月的雨 - 胡歌
[跳过] 无法确定歌手字段，文件名=你是人间四月天 (Live) - 邵帅
[跳过] 无法确定歌手字段，文件名=年少有你 - 李易峰
[跳过] 无法确定歌手字段，文件名=周杰伦 - 时光机
[跳过] 无法确定歌手字段，文件名=绅士 - 薛之谦
[跳过] 无法确定歌手字段，文件名=万有引力 - 汪苏泷
[跳过] 无法确定歌手字段，文件名=Beyond - 海阔天空
[跳过] 无法确定歌手字段，文件名=甜甜的 - 周杰伦
[跳过] 无法确定歌手字段，文件名=死了都要爱 - 信乐团
[跳过] 无法确定歌手字段，文件名=花粥 - 纸短情长
[跳过] 无法确定歌手字段，文件名=周杰伦 - 半兽人
[跳过] 无法确定歌手字段，文件名=哥只是个传说 - 陈旭
[跳过] 无法确定歌手字段，文件名=周杰伦 - God's Hands On The Wheel
[跳过] 无法确定歌手字段，文件名=周杰伦 - 爱我别走
[跳过] 无法确定歌手字段，文件名=爱我的人和我爱的人 - 游鸿明
[跳过] 无法确定歌手字段，文件名=Take Me To Your Heart - Michael Learns To Rock
[跳过] 无法确定歌手字段，文件名=Beyond - 真的爱你
[跳过] 无法确定歌手字段，文件名=野心 - 薛之谦
[跳过] 无法确定歌手字段，文件名=关机又关机 - YangYang
[跳过] 无法确定歌手字段，文件名=怪咖 - 薛之谦
[跳过] 无法确定歌手字段，文件名=薛之谦 - 认真的雪
[跳过] 无法确定歌手字段，文件名=初学者 - 薛之谦
[跳过] 无法确定歌手字段，文件名=只对你有感觉 - 飞轮海、田馥甄
[跳过] 无法确定歌手字段，文件名=辞九门回忆 - 等什么君
[跳过] 无法确定歌手字段，文件名=纸船 - 薛之谦、郁可唯
[跳过] 无法确定歌手字段，文件名=爱江山更爱美人 - 李丽芬
[跳过] 无法确定歌手字段，文件名=白月光与朱砂痣 - 大籽
[跳过] 无法确定歌手字段，文件名=TA - 不是花火呀
[跳过] 无法确定歌手字段，文件名=星月神话 (抖音DJ版) - 抖音热歌、陈烁
[跳过] 无法确定歌手字段，文件名=天使的翅膀 - 安琥
[跳过] 无法确定歌手字段，文件名=我的心太乱 - 周传雄
[跳过] 无法确定歌手字段，文件名=同桌的你 (风行版) - 老狼
[跳过] 无法确定歌手字段，文件名=我难过(Live) - 周传雄、颜人中
[跳过] 无法确定歌手字段，文件名=勇气 - 梁静茹
[跳过] 无法确定歌手字段，文件名=其实 - 薛之谦
[跳过] 无法确定歌手字段，文件名=别在我离开之前离开 - 雷诺儿
[跳过] 无法确定歌手字段，文件名=浪子闲话 (DJ沈念版) - 花僮
[跳过] 无法确定歌手字段，文件名=花粥,王胜男 - 浮白
[跳过] 无法确定歌手字段，文件名=国王与乞丐 - 华晨宇、杨宗纬
[跳过] 无法确定歌手字段，文件名=暖暖 - 梁静茹
[跳过] 无法确定歌手字段，文件名=过火 - 张信哲
[跳过] 无法确定歌手字段，文件名=刚刚好 - 薛之谦
[跳过] 无法确定歌手字段，文件名=断点 - 张敬轩
[跳过] 无法确定歌手字段，文件名=活着 - 郝云
[跳过] 无法确定歌手字段，文件名=丑八怪 - 薛之谦
[跳过] 无法确定歌手字段，文件名=穷开心 - 花儿乐队
[跳过] 无法确定歌手字段，文件名=我吹过你吹过的晚风 - 风吹流年
[跳过] 无法确定歌手字段，文件名=关不上的窗 - 周传雄
[跳过] 无法确定歌手字段，文件名=魏佳艺-风雨无阻[flac]
[跳过] 无法确定歌手字段，文件名=带你去旅行 - 校长（张驰）
[跳过] 无法确定歌手字段，文件名=独角戏 (Live) - 薛之谦
[跳过] 无法确定歌手字段，文件名=想把我唱给你听 - 老狼、王婧
[跳过] 无法确定歌手字段，文件名=月半小夜曲 - 李克勤
[跳过] 无法确定歌手字段，文件名=独家记忆 - 陈小春
[跳过] 无法确定歌手字段，文件名=天份 - 薛之谦
[跳过] 无法确定歌手字段，文件名=蓝色土耳其 - 周传雄
[跳过] 无法确定歌手字段，文件名=动物世界 - 薛之谦
[跳过] 无法确定歌手字段，文件名=你是人间四月天 - 小沈阳、邵帅
[跳过] 无法确定歌手字段，文件名=爱如潮水 - 张信哲
[跳过] 无法确定歌手字段，文件名=醒不来的梦 - 回小仙
[跳过] 无法确定歌手字段，文件名=薛之谦 - 那是你离开了北京的生活
[跳过] 无法确定歌手字段，文件名=Lemon Tree - Fool's Garden
[跳过] 无法确定歌手字段，文件名=别怕我伤心 (Live) - 张信哲、张艺兴
[跳过] 无法确定歌手字段，文件名=赤伶 - 是二智呀
[跳过] 无法确定歌手字段，文件名=这一生关于你的风景 - 枯木逢春
[跳过] 无法确定歌手字段，文件名=追梦赤子心 - GALA
[跳过] 无法确定歌手字段，文件名=像风一样 - 薛之谦
[跳过] 无法确定歌手字段，文件名=黄昏 - 周传雄
[跳过] 无法确定歌手字段，文件名=违背的青春 - 薛之谦
[跳过] 无法确定歌手字段，文件名=暧昧 - 薛之谦
[跳过] 无法确定歌手字段，文件名=他一定很爱你 - 阿杜
[跳过] 无法确定歌手字段，文件名=赤伶 - 等什么君
[跳过] 无法确定歌手字段，文件名=犯贱 - 徐良、阿悄
[跳过] 无法确定歌手字段，文件名=吻得太逼真 - 张敬轩
[跳过] 无法确定歌手字段，文件名=隐形的翅膀 - 张韶涵
[跳过] 无法确定歌手字段，文件名=后来 - 刘若英
[跳过] 无法确定歌手字段，文件名=别 - 薛之谦
[跳过] 无法确定歌手字段，文件名=爱转角 - 罗志祥
[跳过] 无法确定歌手字段，文件名=慢半拍 - 薛之谦
[跳过] 无法确定歌手字段，文件名=薛之谦 - 丑八怪
[跳过] 无法确定歌手字段，文件名=离人愁 - 李袁杰
[跳过] 无法确定歌手字段，文件名=一个像夏天一个像秋天 - 范玮琪
[跳过] 无法确定歌手字段，文件名=踏山河 - 是七叔呢
[跳过] 无法确定歌手字段，文件名=摩天大楼 - 薛之谦
[跳过] 无法确定歌手字段，文件名=最初的梦想 - 范玮琪
[跳过] 无法确定歌手字段，文件名=后会无期 - 汪苏泷、徐良
[跳过] 无法确定歌手字段，文件名=那是你离开了北京的生活 - 薛之谦
[跳过] 无法确定歌手字段，文件名=方圆几里 - 薛之谦
[跳过] 无法确定歌手字段，文件名=薛之谦&欧阳娜娜 - 小幸运(Live)
[跳过] 无法确定歌手字段，文件名=青花瓷 (DJ版) - 宋瑞、梦瑾、气质韩
[跳过] 无法确定歌手字段，文件名=你的承诺 - 海鸣威
[跳过] 无法确定歌手字段，文件名=认真的雪 - 薛之谦
[跳过] 无法确定歌手字段，文件名=下雨了 - 薛之谦
[跳过] 无法确定歌手字段，文件名=那女孩对我说 - Uu
[跳过] 无法确定歌手字段，文件名=薛之谦 - 你还要我怎样
[跳过] 无法确定歌手字段，文件名=耗尽 - 薛之谦、郭聪明
[跳过] 无法确定歌手字段，文件名=将军令 - 吴克群
[跳过] 无法确定歌手字段，文件名=哑巴 - 薛之谦
[跳过] 无法确定歌手字段，文件名=我好像在哪见过你 - 薛之谦
[跳过] 无法确定歌手字段，文件名=天外来物 - 薛之谦
[跳过] 无法确定歌手字段，文件名=为了遇见你 - 薛之谦
[跳过] 无法确定歌手字段，文件名=你是人间四月天 - 邵帅
[跳过] 无法确定歌手字段，文件名=李俊男 - 寂寞才说爱 (DJ版)
[跳过] 无法确定歌手字段，文件名=小星星 - 汪苏泷
[跳过] 无法确定歌手字段，文件名=我爱你不问归期 - 白小白
[跳过] 无法确定歌手字段，文件名=相信自己 - 零点乐队
[跳过] 无法确定歌手字段，文件名=小幸运 (Live) - 薛之谦、欧阳娜娜
[跳过] 无法确定歌手字段，文件名=光辉岁月 - Beyond
[跳过] 无法确定歌手字段，文件名=月亮惹的祸 - 张宇
[跳过] 无法确定歌手字段，文件名=求佛 - 誓言
[跳过] 无法确定歌手字段，文件名=栀子花开 - 何炅、王诗龄
[跳过] 无法确定歌手字段，文件名=那些年 - 胡夏
[跳过] 无法确定歌手字段，文件名=起风了 - 买辣椒也用券
[跳过] 无法确定歌手字段，文件名=爱江山更爱美人 - 小阿枫
[跳过] 无法确定歌手字段，文件名=最佳许嵩 - 歌手
[跳过] 无法确定歌手字段，文件名=游京 - 海伦
[跳过] 无法确定歌手字段，文件名=中国话 - S.H.E
[跳过] 无法确定歌手字段，文件名=男人海洋 - 周传雄
[跳过] 无法确定歌手字段，文件名=爱在西元前
[跳过] 无法确定歌手字段，文件名=恰逢那年你明媚+-+灯叔
[跳过] 无法确定歌手字段，文件名=薛之谦 - 刚刚好
[跳过] 无法确定歌手字段，文件名=花粥 - 一腔诗意喂了狗
[跳过] 无法确定歌手字段，文件名=花粥 - 最美不过是朝晖
[跳过] 无法确定歌手字段，文件名=可惜不是你 - 梁静茹
[跳过] 无法确定歌手字段，文件名=花粥 - 遥不可及的你
[跳过] 无法确定歌手字段，文件名=笑纳 - 花僮
[跳过] 无法确定歌手字段，文件名=撕夜 - 阿杜
[跳过] 无法确定歌手字段，文件名=别说我的眼泪你无所谓 - 东来东往
[跳过] 无法确定歌手字段，文件名=花粥,风子 - 海盗船长2.0
[跳过] 无法确定歌手字段，文件名=桥边姑娘 - 海伦
[跳过] 无法确定歌手字段，文件名=曾经的你 - 许巍
[跳过] 无法确定歌手字段，文件名=此生不换 - 青鸟飞鱼
[跳过] 无法确定歌手字段，文件名=青花 - 周传雄
[跳过] 无法确定歌手字段，文件名=花粥 - 我在十点差三分的时候开始想你
[跳过] 无法确定歌手字段，文件名=花粥 - 舍离书
[跳过] 无法确定歌手字段，文件名=小情歌 - 苏打绿
[跳过] 无法确定歌手字段，文件名=一剪梅 - 费玉清
[跳过] 无法确定歌手字段，文件名=戏子多秋 - 涛少君
[跳过] 无法确定歌手字段，文件名=花粥 - 是红
[跳过] 无法确定歌手字段，文件名=说谎 - 林宥嘉
[跳过] 无法确定歌手字段，文件名=美了美了 - 小沈阳、汤潮
[跳过] 无法确定歌手字段，文件名=冬天的秘密 - 周传雄
[跳过] 无法确定歌手字段，文件名=暖风 - 周传雄
[跳过] 无法确定歌手字段，文件名=飞鸟和蝉 - 任然
[跳过] 无法确定歌手字段，文件名=几人游 - 单小源
[跳过] 无法确定歌手字段，文件名=Beyond - 光辉岁月
[跳过] 无法确定歌手字段，文件名=莫问归期 - 蒋雪儿
[跳过] 无法确定歌手字段，文件名=笑纳 (DJ沈念版) - 花僮
[跳过] 无法确定歌手字段，文件名=一眼万年 - S.H.E
[跳过] 无法确定歌手字段，文件名=手放开 - 李圣杰
[跳过] 无法确定歌手字段，文件名=你的酒馆对我打了烊 - 陈雪凝
[跳过] 无法确定歌手字段，文件名=少年 - 梦然
[跳过] 无法确定歌手字段，文件名=睫毛弯弯 - 王心凌
[跳过] 无法确定歌手字段，文件名=寂寞沙洲冷 - 周传雄
[跳过] 无法确定歌手字段，文件名=下山 - 要不要买菜
[跳过] 无法确定歌手字段，文件名=我们不该这样的 (DJ新弹跳) - 攀娘、扎哥
[跳过] 无法确定歌手字段，文件名=洋葱 - 杨宗纬
[跳过] 无法确定歌手字段，文件名=会呼吸的痛 - 梁静茹
[跳过] 无法确定歌手字段，文件名=左边 - 杨丞琳
[跳过] 无法确定歌手字段，文件名=你是我的眼 - 林宥嘉
[跳过] 无法确定歌手字段，文件名=秋天不回来 - 王强
[跳过] 无法确定歌手字段，文件名=六月的雨 - 胡歌
[跳过] 无法确定歌手字段，文件名=你是人间四月天 (Live) - 邵帅
[跳过] 无法确定歌手字段，文件名=年少有你 - 李易峰
[跳过] 无法确定歌手字段，文件名=万有引力 - 汪苏泷
[跳过] 无法确定歌手字段，文件名=Beyond - 海阔天空
[跳过] 无法确定歌手字段，文件名=死了都要爱 - 信乐团
[跳过] 无法确定歌手字段，文件名=花粥 - 纸短情长
[跳过] 无法确定歌手字段，文件名=哥只是个传说 - 陈旭
[跳过] 无法确定歌手字段，文件名=爱我的人和我爱的人 - 游鸿明
[跳过] 无法确定歌手字段，文件名=Take Me To Your Heart - Michael Learns To Rock
[跳过] 无法确定歌手字段，文件名=Beyond - 真的爱你
[跳过] 无法确定歌手字段，文件名=关机又关机 - YangYang
[跳过] 无法确定歌手字段，文件名=只对你有感觉 - 飞轮海、田馥甄
[跳过] 无法确定歌手字段，文件名=辞九门回忆 - 等什么君
[跳过] 无法确定歌手字段，文件名=爱江山更爱美人 - 李丽芬
[跳过] 无法确定歌手字段，文件名=白月光与朱砂痣 - 大籽
[跳过] 无法确定歌手字段，文件名=TA - 不是花火呀
[跳过] 无法确定歌手字段，文件名=星月神话 (抖音DJ版) - 抖音热歌、陈烁
[跳过] 无法确定歌手字段，文件名=天使的翅膀 - 安琥
[跳过] 无法确定歌手字段，文件名=我的心太乱 - 周传雄
[跳过] 无法确定歌手字段，文件名=同桌的你 (风行版) - 老狼
[跳过] 无法确定歌手字段，文件名=我难过(Live) - 周传雄、颜人中
[跳过] 无法确定歌手字段，文件名=勇气 - 梁静茹
[跳过] 无法确定歌手字段，文件名=别在我离开之前离开 - 雷诺儿
[跳过] 无法确定歌手字段，文件名=浪子闲话 (DJ沈念版) - 花僮
[跳过] 无法确定歌手字段，文件名=花粥,王胜男 - 浮白
[跳过] 无法确定歌手字段，文件名=国王与乞丐 - 华晨宇、杨宗纬
[跳过] 无法确定歌手字段，文件名=暖暖 - 梁静茹
[跳过] 无法确定歌手字段，文件名=过火 - 张信哲
[跳过] 无法确定歌手字段，文件名=断点 - 张敬轩
[跳过] 无法确定歌手字段，文件名=活着 - 郝云
[跳过] 无法确定歌手字段，文件名=穷开心 - 花儿乐队
[跳过] 无法确定歌手字段，文件名=我吹过你吹过的晚风 - 风吹流年
[跳过] 无法确定歌手字段，文件名=关不上的窗 - 周传雄
[跳过] 无法确定歌手字段，文件名=魏佳艺-风雨无阻[flac]
[跳过] 无法确定歌手字段，文件名=带你去旅行 - 校长（张驰）
[跳过] 无法确定歌手字段，文件名=想把我唱给你听 - 老狼、王婧
[跳过] 无法确定歌手字段，文件名=月半小夜曲 - 李克勤
[跳过] 无法确定歌手字段，文件名=独家记忆 - 陈小春
[跳过] 无法确定歌手字段，文件名=蓝色土耳其 - 周传雄
[跳过] 无法确定歌手字段，文件名=你是人间四月天 - 小沈阳、邵帅
[跳过] 无法确定歌手字段，文件名=爱如潮水 - 张信哲
[跳过] 无法确定歌手字段，文件名=醒不来的梦 - 回小仙
[跳过] 无法确定歌手字段，文件名=Lemon Tree - Fool's Garden
[跳过] 无法确定歌手字段，文件名=别怕我伤心 (Live) - 张信哲、张艺兴
[跳过] 无法确定歌手字段，文件名=赤伶 - 是二智呀
[跳过] 无法确定歌手字段，文件名=这一生关于你的风景 - 枯木逢春
[跳过] 无法确定歌手字段，文件名=追梦赤子心 - GALA
[跳过] 无法确定歌手字段，文件名=黄昏 - 周传雄
[跳过] 无法确定歌手字段，文件名=他一定很爱你 - 阿杜
[跳过] 无法确定歌手字段，文件名=赤伶 - 等什么君
[跳过] 无法确定歌手字段，文件名=犯贱 - 徐良、阿悄
[跳过] 无法确定歌手字段，文件名=吻得太逼真 - 张敬轩
[跳过] 无法确定歌手字段，文件名=隐形的翅膀 - 张韶涵
[跳过] 无法确定歌手字段，文件名=后来 - 刘若英
[跳过] 无法确定歌手字段，文件名=爱转角 - 罗志祥
[跳过] 无法确定歌手字段，文件名=离人愁 - 李袁杰
[跳过] 无法确定歌手字段，文件名=一个像夏天一个像秋天 - 范玮琪
[跳过] 无法确定歌手字段，文件名=踏山河 - 是七叔呢
[跳过] 无法确定歌手字段，文件名=最初的梦想 - 范玮琪
[跳过] 无法确定歌手字段，文件名=后会无期 - 汪苏泷、徐良
[跳过] 无法确定歌手字段，文件名=青花瓷 (DJ版) - 宋瑞、梦瑾、气质韩
[跳过] 无法确定歌手字段，文件名=你的承诺 - 海鸣威
[跳过] 无法确定歌手字段，文件名=那女孩对我说 - Uu
[跳过] 无法确定歌手字段，文件名=将军令 - 吴克群
[跳过] 无法确定歌手字段，文件名=你是人间四月天 - 邵帅
[跳过] 无法确定歌手字段，文件名=李俊男 - 寂寞才说爱 (DJ版)
[跳过] 无法确定歌手字段，文件名=小星星 - 汪苏泷
[跳过] 无法确定歌手字段，文件名=我爱你不问归期 - 白小白
[跳过] 无法确定歌手字段，文件名=相信自己 - 零点乐队
[跳过] 无法确定歌手字段，文件名=光辉岁月 - Beyond
[跳过] 无法确定歌手字段，文件名=月亮惹的祸 - 张宇
[跳过] 无法确定歌手字段，文件名=求佛 - 誓言
[跳过] 无法确定歌手字段，文件名=栀子花开 - 何炅、王诗龄
[跳过] 无法确定歌手字段，文件名=那些年 - 胡夏
[跳过] 无法确定歌手字段，文件名=起风了 - 买辣椒也用券
[跳过] 无法确定歌手字段，文件名=爱江山更爱美人 - 小阿枫
[跳过] 无法确定歌手字段，文件名=最佳许嵩 - 歌手
[跳过] 无法确定歌手字段，文件名=游京 - 海伦
[跳过] 无法确定歌手字段，文件名=中国话 - S.H.E
[跳过] 无法确定歌手字段，文件名=男人海洋 - 周传雄
[跳过] 无法确定歌手字段，文件名=爱在西元前
[跳过] 无法确定歌手字段，文件名=恰逢那年你明媚+-+灯叔
[跳过] 无法确定歌手字段，文件名=花粥 - 一腔诗意喂了狗
[跳过] 无法确定歌手字段，文件名=花粥 - 最美不过是朝晖
[跳过] 无法确定歌手字段，文件名=可惜不是你 - 梁静茹
[跳过] 无法确定歌手字段，文件名=花粥 - 遥不可及的你
[跳过] 无法确定歌手字段，文件名=笑纳 - 花僮
[跳过] 无法确定歌手字段，文件名=撕夜 - 阿杜
[跳过] 无法确定歌手字段，文件名=别说我的眼泪你无所谓 - 东来东往
[跳过] 无法确定歌手字段，文件名=花粥,风子 - 海盗船长2.0
[跳过] 无法确定歌手字段，文件名=桥边姑娘 - 海伦
[跳过] 无法确定歌手字段，文件名=曾经的你 - 许巍
[跳过] 无法确定歌手字段，文件名=此生不换 - 青鸟飞鱼
[跳过] 无法确定歌手字段，文件名=青花 - 周传雄
[跳过] 无法确定歌手字段，文件名=花粥 - 我在十点差三分的时候开始想你
[跳过] 无法确定歌手字段，文件名=花粥 - 舍离书
[跳过] 无法确定歌手字段，文件名=小情歌 - 苏打绿
[跳过] 无法确定歌手字段，文件名=戏子多秋 - 涛少君
[跳过] 无法确定歌手字段，文件名=花粥 - 是红
[跳过] 无法确定歌手字段，文件名=说谎 - 林宥嘉
[跳过] 无法确定歌手字段，文件名=美了美了 - 小沈阳、汤潮
[跳过] 无法确定歌手字段，文件名=冬天的秘密 - 周传雄
[跳过] 无法确定歌手字段，文件名=暖风 - 周传雄
[跳过] 无法确定歌手字段，文件名=飞鸟和蝉 - 任然
[跳过] 无法确定歌手字段，文件名=几人游 - 单小源
[跳过] 无法确定歌手字段，文件名=Beyond - 光辉岁月
[跳过] 无法确定歌手字段，文件名=莫问归期 - 蒋雪儿
[跳过] 无法确定歌手字段，文件名=笑纳 (DJ沈念版) - 花僮
[跳过] 无法确定歌手字段，文件名=一眼万年 - S.H.E
[跳过] 无法确定歌手字段，文件名=手放开 - 李圣杰
[跳过] 无法确定歌手字段，文件名=你的酒馆对我打了烊 - 陈雪凝
[跳过] 无法确定歌手字段，文件名=少年 - 梦然
[跳过] 无法确定歌手字段，文件名=睫毛弯弯 - 王心凌
[跳过] 无法确定歌手字段，文件名=寂寞沙洲冷 - 周传雄
[跳过] 无法确定歌手字段，文件名=下山 - 要不要买菜
[跳过] 无法确定歌手字段，文件名=我们不该这样的 (DJ新弹跳) - 攀娘、扎哥
[跳过] 无法确定歌手字段，文件名=洋葱 - 杨宗纬
[跳过] 无法确定歌手字段，文件名=会呼吸的痛 - 梁静茹
[跳过] 无法确定歌手字段，文件名=左边 - 杨丞琳
[跳过] 无法确定歌手字段，文件名=你是我的眼 - 林宥嘉
[跳过] 无法确定歌手字段，文件名=秋天不回来 - 王强
[跳过] 无法确定歌手字段，文件名=六月的雨 - 胡歌
[跳过] 无法确定歌手字段，文件名=你是人间四月天 (Live) - 邵帅
[跳过] 无法确定歌手字段，文件名=年少有你 - 李易峰
[跳过] 无法确定歌手字段，文件名=万有引力 - 汪苏泷
[跳过] 无法确定歌手字段，文件名=Beyond - 海阔天空
[跳过] 无法确定歌手字段，文件名=死了都要爱 - 信乐团
[跳过] 无法确定歌手字段，文件名=花粥 - 纸短情长
[跳过] 无法确定歌手字段，文件名=哥只是个传说 - 陈旭
[跳过] 无法确定歌手字段，文件名=爱我的人和我爱的人 - 游鸿明
[跳过] 无法确定歌手字段，文件名=Take Me To Your Heart - Michael Learns To Rock
[跳过] 无法确定歌手字段，文件名=Beyond - 真的爱你
[跳过] 无法确定歌手字段，文件名=关机又关机 - YangYang
[跳过] 无法确定歌手字段，文件名=只对你有感觉 - 飞轮海、田馥甄
[跳过] 无法确定歌手字段，文件名=辞九门回忆 - 等什么君
